#
# There is insufficient memory for the Java Runtime Environment to continue.
# Native memory allocation (mmap) failed to map 268435456 bytes for Failed to commit area from 0x0000000700000000 to 0x0000000710000000 of length 268435456.
# Possible reasons:
#   The system is out of physical RAM or swap space
#   The process is running with CompressedOops enabled, and the Java Heap may be blocking the growth of the native heap
# Possible solutions:
#   Reduce memory load on the system
#   Increase physical memory or swap space
#   Check if swap backing store is full
#   Decrease Java heap size (-Xmx/-Xms)
#   Decrease number of Java threads
#   Decrease Java thread stack sizes (-Xss)
#   Set larger code cache with -XX:ReservedCodeCacheSize=
# This output file may be truncated or incomplete.
#
#  Out of Memory Error (src/hotspot/os/windows/os_windows.cpp:3627), pid=33096, tid=7480
#
# JRE version:  (11.0.15) (build )
# Java VM: OpenJDK 64-Bit Server VM (11.0.15+0-b2043.56-9505619, mixed mode, sharing, tiered, compressed oops, g1 gc, windows-amd64)
# No core dump will be written. Minidumps are not enabled by default on client versions of Windows
#

---------------  S U M M A R Y ------------

Command Line: 

Host: Intel(R) Xeon(R) Gold 6342 CPU @ 2.80GHz, 4 cores, 15G,  Windows 11 , 64 bit Build 22621 (10.0.22621.1344)
Time: Wed May 10 15:58:12 2023 India Standard Time elapsed time: 0.054460 seconds (0d 0h 0m 0s)

---------------  T H R E A D  ---------------

Current thread (0x000001e0a35e6000):  JavaThread "Unknown thread" [_thread_in_vm, id=7480, stack(0x00000041e3a00000,0x00000041e3b00000)]

Stack: [0x00000041e3a00000,0x00000041e3b00000]
Native frames: (J=compiled Java code, j=interpreted, Vv=VM code, C=native code)
V  [jvm.dll+0x64135a]
V  [jvm.dll+0x7d39f9]
V  [jvm.dll+0x7d51b9]
V  [jvm.dll+0x7d58a3]
V  [jvm.dll+0x2691c5]
V  [jvm.dll+0x63e4e9]
V  [jvm.dll+0x632985]
V  [jvm.dll+0x3231ac]
V  [jvm.dll+0x323032]
V  [jvm.dll+0x327c06]
V  [jvm.dll+0x36ffa2]
V  [jvm.dll+0x36fa01]
V  [jvm.dll+0x2fea28]
V  [jvm.dll+0x2ffb25]
V  [jvm.dll+0x7accd7]
V  [jvm.dll+0x7ae49f]
V  [jvm.dll+0x37d299]
V  [jvm.dll+0x78ef9f]
V  [jvm.dll+0x3ec847]
V  [jvm.dll+0x3eed31]
C  [jli.dll+0x52cb]
C  [ucrtbase.dll+0x29363]
C  [KERNEL32.DLL+0x126bd]
C  [ntdll.dll+0x5a9f8]


---------------  P R O C E S S  ---------------

Threads class SMR info:
_java_thread_list=0x000001e0a12afd40, length=0, elements={
}

Java Threads: ( => current thread )

Other Threads:
  0x000001e0a35fc800 GCTaskThread "GC Thread#0" [stack: 0x00000041e3b00000,0x00000041e3c00000] [id=20744]
  0x000001e0a3658800 ConcurrentGCThread "G1 Main Marker" [stack: 0x00000041e3c00000,0x00000041e3d00000] [id=21452]
  0x000001e0a365c000 ConcurrentGCThread "G1 Conc#0" [stack: 0x00000041e3d00000,0x00000041e3e00000] [id=8696]

[error occurred during error reporting (printing all threads), id 0xc0000005, EXCEPTION_ACCESS_VIOLATION (0xc0000005) at pc=0x00007ffd33d0f3e7]

VM state:not at safepoint (not fully initialized)

VM Mutex/Monitor currently owned by a thread:  ([mutex/lock_event])
[0x000001e0a35e0f80] Heap_lock - owner thread: 0x000001e0a35e6000

Heap address: 0x0000000700000000, size: 4096 MB, Compressed Oops mode: Non-zero based: 0x0000000700000000
Narrow klass base: 0x0000000000000000, Narrow klass shift: 0

GC Heap History (0 events):
No events

Deoptimization events (0 events):
No events

Classes redefined (0 events):
No events

Internal exceptions (0 events):
No events

Events (1 events):
Event: 0.038 Loaded shared library C:\android-studio\jbr\bin\zip.dll


Dynamic libraries:
0x00007ff6bbfa0000 - 0x00007ff6bbfaa000 	C:\android-studio\jbr\bin\java.EXE
0x00007ffd72dd0000 - 0x00007ffd72fe4000 	C:\Windows\SYSTEM32\ntdll.dll
0x00007ffd716b0000 - 0x00007ffd71773000 	C:\Windows\System32\KERNEL32.DLL
0x00007ffd70570000 - 0x00007ffd7090c000 	C:\Windows\System32\KERNELBASE.dll
0x00007ffd70210000 - 0x00007ffd70321000 	C:\Windows\System32\ucrtbase.dll
0x00007ffd620e0000 - 0x00007ffd620f7000 	C:\android-studio\jbr\bin\jli.dll
0x00007ffd70be0000 - 0x00007ffd70d8d000 	C:\Windows\System32\USER32.dll
0x00007ffd70330000 - 0x00007ffd70356000 	C:\Windows\System32\win32u.dll
0x00007ffd70e90000 - 0x00007ffd70eb9000 	C:\Windows\System32\GDI32.dll
0x00007ffd70450000 - 0x00007ffd70563000 	C:\Windows\System32\gdi32full.dll
0x00007ffd57a20000 - 0x00007ffd57cae000 	C:\Windows\WinSxS\amd64_microsoft.windows.common-controls_6595b64144ccf1df_6.0.22621.608_none_a9444ca7c10bb01d\COMCTL32.dll
0x00007ffd70a80000 - 0x00007ffd70b1a000 	C:\Windows\System32\msvcp_win.dll
0x00007ffd5b2e0000 - 0x00007ffd5b2fb000 	C:\android-studio\jbr\bin\VCRUNTIME140.dll
0x00007ffd72c70000 - 0x00007ffd72d17000 	C:\Windows\System32\msvcrt.dll
0x00007ffd71110000 - 0x00007ffd71141000 	C:\Windows\System32\IMM32.DLL
0x000001e0a1430000 - 0x000001e0a1444000 	C:\Windows\System32\umppc16705.dll
0x00007ffd6fed0000 - 0x00007ffd6ff05000 	C:\Windows\system32\vmwsci.dll
0x00007ffd71100000 - 0x00007ffd71108000 	C:\Windows\System32\PSAPI.DLL
0x00007ffd62340000 - 0x00007ffd623de000 	C:\Windows\system32\ftapihook64.dll
0x00007ffd71150000 - 0x00007ffd711fe000 	C:\Windows\System32\ADVAPI32.dll
0x00007ffd70ee0000 - 0x00007ffd70f84000 	C:\Windows\System32\sechost.dll
0x00007ffd71590000 - 0x00007ffd716a5000 	C:\Windows\System32\RPCRT4.dll
0x00007ffd6c330000 - 0x00007ffd6c3db000 	C:\Windows\system32\uxtheme.dll
0x00007ffd71200000 - 0x00007ffd71589000 	C:\Windows\System32\combase.dll
0x00007ffd6b4c0000 - 0x00007ffd6b54b000 	C:\Windows\system32\ftgenstub.dll
0x00007ffd71e50000 - 0x00007ffd722c4000 	C:\Windows\System32\setupapi.dll
0x00007ffd649c0000 - 0x00007ffd649cc000 	C:\android-studio\jbr\bin\vcruntime140_1.dll
0x00007ffd3ed80000 - 0x00007ffd3ee0d000 	C:\android-studio\jbr\bin\msvcp140.dll
0x00007ffd33a00000 - 0x00007ffd345bc000 	C:\android-studio\jbr\bin\server\jvm.dll
0x00007ffd5e130000 - 0x00007ffd5e139000 	C:\Windows\SYSTEM32\WSOCK32.dll
0x00007ffd71080000 - 0x00007ffd710f1000 	C:\Windows\System32\WS2_32.dll
0x00007ffd5fcd0000 - 0x00007ffd5fd04000 	C:\Windows\SYSTEM32\WINMM.dll
0x00007ffd6ed70000 - 0x00007ffd6ed7a000 	C:\Windows\SYSTEM32\VERSION.dll
0x00007ffd6f0b0000 - 0x00007ffd6f0c8000 	C:\Windows\SYSTEM32\kernel.appcore.dll
0x00007ffd6b3d0000 - 0x00007ffd6b3e0000 	C:\android-studio\jbr\bin\verify.dll
0x00007ffd6d5b0000 - 0x00007ffd6d7de000 	C:\Windows\SYSTEM32\DBGHELP.DLL
0x00007ffd71cb0000 - 0x00007ffd71d87000 	C:\Windows\System32\OLEAUT32.dll
0x00007ffd6a480000 - 0x00007ffd6a4b2000 	C:\Windows\SYSTEM32\dbgcore.DLL
0x00007ffd70360000 - 0x00007ffd703db000 	C:\Windows\System32\bcryptPrimitives.dll
0x00007ffd6a320000 - 0x00007ffd6a348000 	C:\android-studio\jbr\bin\java.dll
0x00007ffd6a920000 - 0x00007ffd6a92a000 	C:\android-studio\jbr\bin\jimage.dll
0x00007ffd6a290000 - 0x00007ffd6a2a8000 	C:\android-studio\jbr\bin\zip.dll

dbghelp: loaded successfully - version: 4.0.5 - missing functions: none
symbol engine: initialized successfully - sym options: 0x614 - pdb path: .;C:\android-studio\jbr\bin;C:\Windows\SYSTEM32;C:\Windows\WinSxS\amd64_microsoft.windows.common-controls_6595b64144ccf1df_6.0.22621.608_none_a9444ca7c10bb01d;C:\android-studio\jbr\bin\server

VM Arguments:
java_command: <unknown>
java_class_path (initial): <not set>
Launcher Type: SUN_STANDARD

[Global flags]
     intx CICompilerCount                          = 3                                         {product} {ergonomic}
     uint ConcGCThreads                            = 1                                         {product} {ergonomic}
     uint G1ConcRefinementThreads                  = 4                                         {product} {ergonomic}
   size_t G1HeapRegionSize                         = 1048576                                   {product} {ergonomic}
    uintx GCDrainStackTargetSize                   = 64                                        {product} {ergonomic}
   size_t InitialHeapSize                          = 268435456                                 {product} {ergonomic}
   size_t MarkStackSize                            = 4194304                                   {product} {ergonomic}
   size_t MaxHeapSize                              = 4294967296                                {product} {ergonomic}
   size_t MinHeapDeltaBytes                        = 1048576                                   {product} {ergonomic}
    uintx NonNMethodCodeHeapSize                   = 5830732                                {pd product} {ergonomic}
    uintx NonProfiledCodeHeapSize                  = 122913754                              {pd product} {ergonomic}
    uintx ProfiledCodeHeapSize                     = 122913754                              {pd product} {ergonomic}
    uintx ReservedCodeCacheSize                    = 251658240                              {pd product} {ergonomic}
     bool SegmentedCodeCache                       = true                                      {product} {ergonomic}
     bool UseCompressedClassPointers               = true                                 {lp64_product} {ergonomic}
     bool UseCompressedOops                        = true                                 {lp64_product} {ergonomic}
     bool UseG1GC                                  = true                                      {product} {ergonomic}
     bool UseLargePagesIndividualAllocation        = false                                  {pd product} {ergonomic}

Logging:
Log output configuration:
 #0: stdout all=warning uptime,level,tags
 #1: stderr all=off uptime,level,tags

Environment Variables:
PATH=C:\Users\lavanya.r\Desktop\flutter\bin\;C:\Windows\system32;C:\Windows;C:\Windows\System32\Wbem;C:\Windows\System32\WindowsPowerShell\v1.0\;C:\Windows\System32\OpenSSH\;C:\Program Files\Git\cmd;C:\flutter_windows_3.7.7-stable\flutter\bin;C:\Program Files\jdk-19.0.2\bin;C:\Program Files (x86)\nodejs\;C:\Users\lavanya.r\AppData\Local\Microsoft\WindowsApps;C:\VSCode-win32-x64-1.76.1\bin;C:\Users\lavanya.r\AppData\Local\Android\Sdk\platform-tools;C:\Users\lavanya.r\Desktop\flutter\bin;;C:\Users\lavanya.r\Desktop\flutter\bin\mingit\cmd
USERNAME=lavanya.r
LANG=en_US.UTF-8
OS=Windows_NT
PROCESSOR_IDENTIFIER=Intel64 Family 6 Model 106 Stepping 6, GenuineIntel



---------------  S Y S T E M  ---------------

OS: Windows 11 , 64 bit Build 22621 (10.0.22621.1344)
OS uptime: 24 days 22:36 hours
Hyper-V role detected

CPU:total 4 (initial active 4) (2 cores per cpu, 1 threads per core) family 6 model 106 stepping 6 microcode 0xd000375, cmov, cx8, fxsr, mmx, sse, sse2, sse3, ssse3, sse4.1, sse4.2, popcnt, avx, avx2, aes, clmul, erms, 3dnowpref, lzcnt, tsc, tscinvbit, bmi1, bmi2, adx, evex, sha, fma

Memory: 4k page, system-wide physical 16383M (1145M free)
TotalPageFile size 29090M (AvailPageFile size 145M)
current process WorkingSet (physical memory assigned to process): 12M, peak: 12M
current process commit charge ("private bytes"): 53M, peak: 309M

vm_info: OpenJDK 64-Bit Server VM (11.0.15+0-b2043.56-9505619) for windows-amd64 JRE (11.0.15+0-b2043.56-9505619), built on Jan 19 2023 02:48:00 by "builduser" with unknown MS VC++:1929

END.
