#
# There is insufficient memory for the Java Runtime Environment to continue.
# Native memory allocation (malloc) failed to allocate 32744 bytes for ChunkPool::allocate
# Possible reasons:
#   The system is out of physical RAM or swap space
#   The process is running with CompressedOops enabled, and the Java Heap may be blocking the growth of the native heap
# Possible solutions:
#   Reduce memory load on the system
#   Increase physical memory or swap space
#   Check if swap backing store is full
#   Decrease Java heap size (-Xmx/-Xms)
#   Decrease number of Java threads
#   Decrease Java thread stack sizes (-Xss)
#   Set larger code cache with -XX:ReservedCodeCacheSize=
#   JVM is running with Zero Based Compressed Oops mode in which the Java heap is
#     placed in the first 32GB address space. The Java Heap base address is the
#     maximum limit for the native heap growth. Please use -XX:HeapBaseMinAddress
#     to set the Java Heap base and to place the Java Heap above 32GB virtual address.
# This output file may be truncated or incomplete.
#
#  Out of Memory Error (src/hotspot/share/memory/arena.cpp:81), pid=18632, tid=18964
#
# JRE version: OpenJDK Runtime Environment (11.0.15) (build 11.0.15+0-b2043.56-9505619)
# Java VM: OpenJDK 64-Bit Server VM (11.0.15+0-b2043.56-9505619, mixed mode, tiered, compressed oops, g1 gc, windows-amd64)
# No core dump will be written. Minidumps are not enabled by default on client versions of Windows
#

---------------  S U M M A R Y ------------

Command Line: -Dorg.gradle.appname=gradlew org.gradle.wrapper.GradleWrapperMain -q -Ptarget-platform=android-arm64 -Ptarget=C:\Users\lavanya.r\Documents\GHMC_Officer\ghmc_offcicer\lib\main.dart -Pbase-application-name=android.app.Application -Pdart-defines=RkxVVFRFUl9XRUJfQVVUT19ERVRFQ1Q9dHJ1ZQ== -Pdart-obfuscation=false -Ptrack-widget-creation=true -Ptree-shake-icons=false -Pfilesystem-scheme=org-dartlang-root assembleDebug

Host: Intel(R) Xeon(R) Gold 6342 CPU @ 2.80GHz, 4 cores, 15G,  Windows 11 , 64 bit Build 22621 (10.0.22621.1344)
Time: Wed May 10 16:02:59 2023 India Standard Time elapsed time: 6.279079 seconds (0d 0h 0m 6s)

---------------  T H R E A D  ---------------

Current thread (0x0000017aff4b9800):  JavaThread "C1 CompilerThread0" daemon [_thread_in_native, id=18964, stack(0x0000001824500000,0x0000001824600000)]


Current CompileTask:
C1:   6279 1239       3       java.util.regex.Pattern::
[error occurred during error reporting (printing current compile task), id 0xe0000001, Out of Memory Error (src/hotspot/share/memory/arena.cpp:81)]

Stack: [0x0000001824500000,0x0000001824600000]
Native frames: (J=compiled Java code, j=interpreted, Vv=VM code, C=native code)
V  [jvm.dll+0x64135a]
V  [jvm.dll+0x7d39f9]
V  [jvm.dll+0x7d51b9]
V  [jvm.dll+0x7d58a3]
V  [jvm.dll+0x2691c5]
V  [jvm.dll+0xc1cbf]
V  [jvm.dll+0xc200c]
V  [jvm.dll+0x75f8cd]
V  [jvm.dll+0x5f3e75]
V  [jvm.dll+0x234ddf]
V  [jvm.dll+0x235357]
V  [jvm.dll+0x7d3897]
V  [jvm.dll+0x7d51b9]
V  [jvm.dll+0x7d58a3]
V  [jvm.dll+0x2691c5]
V  [jvm.dll+0xc1cbf]
V  [jvm.dll+0xc200c]
V  [jvm.dll+0x18365c]
V  [jvm.dll+0x1819a5]
V  [jvm.dll+0x181cba]
V  [jvm.dll+0x184ba4]
V  [jvm.dll+0x13bff5]
V  [jvm.dll+0x13b89f]
V  [jvm.dll+0x13bad4]
V  [jvm.dll+0x13ae22]
V  [jvm.dll+0x13ccbc]
V  [jvm.dll+0x230479]
V  [jvm.dll+0x22e5ef]
V  [jvm.dll+0x794de1]
V  [jvm.dll+0x78dc24]
V  [jvm.dll+0x6400f6]
C  [ucrtbase.dll+0x29363]
C  [KERNEL32.DLL+0x126bd]
C  [ntdll.dll+0x5a9f8]


---------------  P R O C E S S  ---------------

Threads class SMR info:
_java_thread_list=0x0000017a99e8fc00, length=13, elements={
0x0000017af937b000, 0x0000017aff44e000, 0x0000017aff451000, 0x0000017aff46b000,
0x0000017aff46c800, 0x0000017aff46d800, 0x0000017aff472000, 0x0000017aff4b9800,
0x0000017aff4be800, 0x0000017aff632000, 0x0000017a99756000, 0x0000017a9979a000,
0x0000017a998de800
}

Java Threads: ( => current thread )
  0x0000017af937b000 JavaThread "main" [_thread_blocked, id=33448, stack(0x0000001823800000,0x0000001823900000)]
  0x0000017aff44e000 JavaThread "Reference Handler" daemon [_thread_blocked, id=34760, stack(0x0000001823f00000,0x0000001824000000)]
  0x0000017aff451000 JavaThread "Finalizer" daemon [_thread_blocked, id=7736, stack(0x0000001824000000,0x0000001824100000)]
  0x0000017aff46b000 JavaThread "Signal Dispatcher" daemon [_thread_blocked, id=11000, stack(0x0000001824100000,0x0000001824200000)]
  0x0000017aff46c800 JavaThread "Attach Listener" daemon [_thread_blocked, id=11064, stack(0x0000001824200000,0x0000001824300000)]
  0x0000017aff46d800 JavaThread "Service Thread" daemon [_thread_blocked, id=32796, stack(0x0000001824300000,0x0000001824400000)]
  0x0000017aff472000 JavaThread "C2 CompilerThread0" daemon [_thread_blocked, id=20968, stack(0x0000001824400000,0x0000001824500000)]
=>0x0000017aff4b9800 JavaThread "C1 CompilerThread0" daemon [_thread_in_native, id=18964, stack(0x0000001824500000,0x0000001824600000)]
  0x0000017aff4be800 JavaThread "Sweeper thread" daemon [_thread_blocked, id=24184, stack(0x0000001824600000,0x0000001824700000)]
  0x0000017aff632000 JavaThread "Common-Cleaner" daemon [_thread_blocked, id=12064, stack(0x0000001824800000,0x0000001824900000)]
  0x0000017a99756000 JavaThread "pool-1-thread-1" [_thread_blocked, id=27524, stack(0x0000001824c00000,0x0000001824d00000)]
  0x0000017a9979a000 JavaThread "Exec process" [_thread_in_native, id=25808, stack(0x0000001824d00000,0x0000001824e00000)]
  0x0000017a998de800 JavaThread "Exec process Thread 2" [_thread_blocked, id=28424, stack(0x0000001824f00000,0x0000001825000000)]

Other Threads:
  0x0000017afeb8e800 VMThread "VM Thread" [stack: 0x0000001823e00000,0x0000001823f00000] [id=25180]
  0x0000017aff623800 WatcherThread [stack: 0x0000001824700000,0x0000001824800000] [id=8340]
  0x0000017af9391800 GCTaskThread "GC Thread#0" [stack: 0x0000001823900000,0x0000001823a00000] [id=14788]
  0x0000017a9914e000 GCTaskThread "GC Thread#1" [stack: 0x0000001824900000,0x0000001824a00000] [id=32676]
  0x0000017a990f4800 GCTaskThread "GC Thread#2" [stack: 0x0000001824a00000,0x0000001824b00000] [id=12588]
  0x0000017a99412000 GCTaskThread "GC Thread#3" [stack: 0x0000001824b00000,0x0000001824c00000] [id=1860]
  0x0000017af93ed800 ConcurrentGCThread "G1 Main Marker" [stack: 0x0000001823a00000,0x0000001823b00000] [id=8380]
  0x0000017af93ef800 ConcurrentGCThread "G1 Conc#0" [stack: 0x0000001823b00000,0x0000001823c00000] [id=11724]
  0x0000017afea89000 ConcurrentGCThread "G1 Refine#0" [stack: 0x0000001823c00000,0x0000001823d00000] [id=9668]
  0x0000017afea8c000 ConcurrentGCThread "G1 Young RemSet Sampling" [stack: 0x0000001823d00000,0x0000001823e00000] [id=29104]

Threads with active compile tasks:
C1 CompilerThread0     6322 1239       3       java.util.regex.Pattern::sequence (645 bytes)

VM state:not at safepoint (normal execution)

VM Mutex/Monitor currently owned by a thread: None

Heap address: 0x0000000700000000, size: 4096 MB, Compressed Oops mode: Zero based, Oop shift amount: 3
Narrow klass base: 0x0000000800000000, Narrow klass shift: 0
Compressed class space size: 1073741824 Address: 0x0000000800000000

Heap:
 garbage-first heap   total 262144K, used 38338K [0x0000000700000000, 0x0000000800000000)
  region size 1024K, 34 young (34816K), 2 survivors (2048K)
 Metaspace       used 15231K, capacity 15506K, committed 15744K, reserved 1064960K
  class space    used 1726K, capacity 1855K, committed 1920K, reserved 1048576K
Heap Regions: E=young(eden), S=young(survivor), O=old, HS=humongous(starts), HC=humongous(continues), CS=collection set, F=free, A=archive, TAMS=top-at-mark-start (previous, next)
|   0|0x0000000700000000, 0x0000000700100000, 0x0000000700100000|100%|HS|  |TAMS 0x0000000700000000, 0x0000000700000000| Complete 
|   1|0x0000000700100000, 0x0000000700200000, 0x0000000700200000|100%|HC|  |TAMS 0x0000000700100000, 0x0000000700100000| Complete 
|   2|0x0000000700200000, 0x0000000700300000, 0x0000000700300000|100%|HC|  |TAMS 0x0000000700200000, 0x0000000700200000| Complete 
|   3|0x0000000700300000, 0x0000000700400000, 0x0000000700400000|100%| O|  |TAMS 0x0000000700300000, 0x0000000700300000| Untracked 
|   4|0x0000000700400000, 0x0000000700470a00, 0x0000000700500000| 43%| O|  |TAMS 0x0000000700400000, 0x0000000700400000| Untracked 
|   5|0x0000000700500000, 0x0000000700500000, 0x0000000700600000|  0%| F|  |TAMS 0x0000000700500000, 0x0000000700500000| Untracked 
|   6|0x0000000700600000, 0x0000000700600000, 0x0000000700700000|  0%| F|  |TAMS 0x0000000700600000, 0x0000000700600000| Untracked 
|   7|0x0000000700700000, 0x0000000700700000, 0x0000000700800000|  0%| F|  |TAMS 0x0000000700700000, 0x0000000700700000| Untracked 
|   8|0x0000000700800000, 0x0000000700800000, 0x0000000700900000|  0%| F|  |TAMS 0x0000000700800000, 0x0000000700800000| Untracked 
|   9|0x0000000700900000, 0x0000000700900000, 0x0000000700a00000|  0%| F|  |TAMS 0x0000000700900000, 0x0000000700900000| Untracked 
|  10|0x0000000700a00000, 0x0000000700a00000, 0x0000000700b00000|  0%| F|  |TAMS 0x0000000700a00000, 0x0000000700a00000| Untracked 
|  11|0x0000000700b00000, 0x0000000700b00000, 0x0000000700c00000|  0%| F|  |TAMS 0x0000000700b00000, 0x0000000700b00000| Untracked 
|  12|0x0000000700c00000, 0x0000000700c00000, 0x0000000700d00000|  0%| F|  |TAMS 0x0000000700c00000, 0x0000000700c00000| Untracked 
|  13|0x0000000700d00000, 0x0000000700d00000, 0x0000000700e00000|  0%| F|  |TAMS 0x0000000700d00000, 0x0000000700d00000| Untracked 
|  14|0x0000000700e00000, 0x0000000700e00000, 0x0000000700f00000|  0%| F|  |TAMS 0x0000000700e00000, 0x0000000700e00000| Untracked 
|  15|0x0000000700f00000, 0x0000000700f00000, 0x0000000701000000|  0%| F|  |TAMS 0x0000000700f00000, 0x0000000700f00000| Untracked 
|  16|0x0000000701000000, 0x0000000701000000, 0x0000000701100000|  0%| F|  |TAMS 0x0000000701000000, 0x0000000701000000| Untracked 
|  17|0x0000000701100000, 0x0000000701100000, 0x0000000701200000|  0%| F|  |TAMS 0x0000000701100000, 0x0000000701100000| Untracked 
|  18|0x0000000701200000, 0x0000000701200000, 0x0000000701300000|  0%| F|  |TAMS 0x0000000701200000, 0x0000000701200000| Untracked 
|  19|0x0000000701300000, 0x0000000701300000, 0x0000000701400000|  0%| F|  |TAMS 0x0000000701300000, 0x0000000701300000| Untracked 
|  20|0x0000000701400000, 0x0000000701400000, 0x0000000701500000|  0%| F|  |TAMS 0x0000000701400000, 0x0000000701400000| Untracked 
|  21|0x0000000701500000, 0x0000000701500000, 0x0000000701600000|  0%| F|  |TAMS 0x0000000701500000, 0x0000000701500000| Untracked 
|  22|0x0000000701600000, 0x0000000701600000, 0x0000000701700000|  0%| F|  |TAMS 0x0000000701600000, 0x0000000701600000| Untracked 
|  23|0x0000000701700000, 0x0000000701700000, 0x0000000701800000|  0%| F|  |TAMS 0x0000000701700000, 0x0000000701700000| Untracked 
|  24|0x0000000701800000, 0x0000000701800000, 0x0000000701900000|  0%| F|  |TAMS 0x0000000701800000, 0x0000000701800000| Untracked 
|  25|0x0000000701900000, 0x0000000701900000, 0x0000000701a00000|  0%| F|  |TAMS 0x0000000701900000, 0x0000000701900000| Untracked 
|  26|0x0000000701a00000, 0x0000000701a00000, 0x0000000701b00000|  0%| F|  |TAMS 0x0000000701a00000, 0x0000000701a00000| Untracked 
|  27|0x0000000701b00000, 0x0000000701b00000, 0x0000000701c00000|  0%| F|  |TAMS 0x0000000701b00000, 0x0000000701b00000| Untracked 
|  28|0x0000000701c00000, 0x0000000701c00000, 0x0000000701d00000|  0%| F|  |TAMS 0x0000000701c00000, 0x0000000701c00000| Untracked 
|  29|0x0000000701d00000, 0x0000000701d00000, 0x0000000701e00000|  0%| F|  |TAMS 0x0000000701d00000, 0x0000000701d00000| Untracked 
|  30|0x0000000701e00000, 0x0000000701e00000, 0x0000000701f00000|  0%| F|  |TAMS 0x0000000701e00000, 0x0000000701e00000| Untracked 
|  31|0x0000000701f00000, 0x0000000701f00000, 0x0000000702000000|  0%| F|  |TAMS 0x0000000701f00000, 0x0000000701f00000| Untracked 
|  32|0x0000000702000000, 0x0000000702000000, 0x0000000702100000|  0%| F|  |TAMS 0x0000000702000000, 0x0000000702000000| Untracked 
|  33|0x0000000702100000, 0x0000000702100000, 0x0000000702200000|  0%| F|  |TAMS 0x0000000702100000, 0x0000000702100000| Untracked 
|  34|0x0000000702200000, 0x0000000702200000, 0x0000000702300000|  0%| F|  |TAMS 0x0000000702200000, 0x0000000702200000| Untracked 
|  35|0x0000000702300000, 0x0000000702300000, 0x0000000702400000|  0%| F|  |TAMS 0x0000000702300000, 0x0000000702300000| Untracked 
|  36|0x0000000702400000, 0x0000000702400000, 0x0000000702500000|  0%| F|  |TAMS 0x0000000702400000, 0x0000000702400000| Untracked 
|  37|0x0000000702500000, 0x0000000702500000, 0x0000000702600000|  0%| F|  |TAMS 0x0000000702500000, 0x0000000702500000| Untracked 
|  38|0x0000000702600000, 0x0000000702600000, 0x0000000702700000|  0%| F|  |TAMS 0x0000000702600000, 0x0000000702600000| Untracked 
|  39|0x0000000702700000, 0x0000000702700000, 0x0000000702800000|  0%| F|  |TAMS 0x0000000702700000, 0x0000000702700000| Untracked 
|  40|0x0000000702800000, 0x0000000702800000, 0x0000000702900000|  0%| F|  |TAMS 0x0000000702800000, 0x0000000702800000| Untracked 
|  41|0x0000000702900000, 0x0000000702900000, 0x0000000702a00000|  0%| F|  |TAMS 0x0000000702900000, 0x0000000702900000| Untracked 
|  42|0x0000000702a00000, 0x0000000702a00000, 0x0000000702b00000|  0%| F|  |TAMS 0x0000000702a00000, 0x0000000702a00000| Untracked 
|  43|0x0000000702b00000, 0x0000000702b00000, 0x0000000702c00000|  0%| F|  |TAMS 0x0000000702b00000, 0x0000000702b00000| Untracked 
|  44|0x0000000702c00000, 0x0000000702c00000, 0x0000000702d00000|  0%| F|  |TAMS 0x0000000702c00000, 0x0000000702c00000| Untracked 
|  45|0x0000000702d00000, 0x0000000702d00000, 0x0000000702e00000|  0%| F|  |TAMS 0x0000000702d00000, 0x0000000702d00000| Untracked 
|  46|0x0000000702e00000, 0x0000000702e00000, 0x0000000702f00000|  0%| F|  |TAMS 0x0000000702e00000, 0x0000000702e00000| Untracked 
|  47|0x0000000702f00000, 0x0000000702f00000, 0x0000000703000000|  0%| F|  |TAMS 0x0000000702f00000, 0x0000000702f00000| Untracked 
|  48|0x0000000703000000, 0x0000000703000000, 0x0000000703100000|  0%| F|  |TAMS 0x0000000703000000, 0x0000000703000000| Untracked 
|  49|0x0000000703100000, 0x0000000703100000, 0x0000000703200000|  0%| F|  |TAMS 0x0000000703100000, 0x0000000703100000| Untracked 
|  50|0x0000000703200000, 0x0000000703200000, 0x0000000703300000|  0%| F|  |TAMS 0x0000000703200000, 0x0000000703200000| Untracked 
|  51|0x0000000703300000, 0x0000000703300000, 0x0000000703400000|  0%| F|  |TAMS 0x0000000703300000, 0x0000000703300000| Untracked 
|  52|0x0000000703400000, 0x0000000703400000, 0x0000000703500000|  0%| F|  |TAMS 0x0000000703400000, 0x0000000703400000| Untracked 
|  53|0x0000000703500000, 0x0000000703500000, 0x0000000703600000|  0%| F|  |TAMS 0x0000000703500000, 0x0000000703500000| Untracked 
|  54|0x0000000703600000, 0x0000000703600000, 0x0000000703700000|  0%| F|  |TAMS 0x0000000703600000, 0x0000000703600000| Untracked 
|  55|0x0000000703700000, 0x0000000703700000, 0x0000000703800000|  0%| F|  |TAMS 0x0000000703700000, 0x0000000703700000| Untracked 
|  56|0x0000000703800000, 0x0000000703800000, 0x0000000703900000|  0%| F|  |TAMS 0x0000000703800000, 0x0000000703800000| Untracked 
|  57|0x0000000703900000, 0x0000000703900000, 0x0000000703a00000|  0%| F|  |TAMS 0x0000000703900000, 0x0000000703900000| Untracked 
|  58|0x0000000703a00000, 0x0000000703a00000, 0x0000000703b00000|  0%| F|  |TAMS 0x0000000703a00000, 0x0000000703a00000| Untracked 
|  59|0x0000000703b00000, 0x0000000703b00000, 0x0000000703c00000|  0%| F|  |TAMS 0x0000000703b00000, 0x0000000703b00000| Untracked 
|  60|0x0000000703c00000, 0x0000000703c00000, 0x0000000703d00000|  0%| F|  |TAMS 0x0000000703c00000, 0x0000000703c00000| Untracked 
|  61|0x0000000703d00000, 0x0000000703d00000, 0x0000000703e00000|  0%| F|  |TAMS 0x0000000703d00000, 0x0000000703d00000| Untracked 
|  62|0x0000000703e00000, 0x0000000703e00000, 0x0000000703f00000|  0%| F|  |TAMS 0x0000000703e00000, 0x0000000703e00000| Untracked 
|  63|0x0000000703f00000, 0x0000000703f00000, 0x0000000704000000|  0%| F|  |TAMS 0x0000000703f00000, 0x0000000703f00000| Untracked 
|  64|0x0000000704000000, 0x0000000704000000, 0x0000000704100000|  0%| F|  |TAMS 0x0000000704000000, 0x0000000704000000| Untracked 
|  65|0x0000000704100000, 0x0000000704100000, 0x0000000704200000|  0%| F|  |TAMS 0x0000000704100000, 0x0000000704100000| Untracked 
|  66|0x0000000704200000, 0x0000000704200000, 0x0000000704300000|  0%| F|  |TAMS 0x0000000704200000, 0x0000000704200000| Untracked 
|  67|0x0000000704300000, 0x0000000704300000, 0x0000000704400000|  0%| F|  |TAMS 0x0000000704300000, 0x0000000704300000| Untracked 
|  68|0x0000000704400000, 0x0000000704400000, 0x0000000704500000|  0%| F|  |TAMS 0x0000000704400000, 0x0000000704400000| Untracked 
|  69|0x0000000704500000, 0x0000000704500000, 0x0000000704600000|  0%| F|  |TAMS 0x0000000704500000, 0x0000000704500000| Untracked 
|  70|0x0000000704600000, 0x0000000704600000, 0x0000000704700000|  0%| F|  |TAMS 0x0000000704600000, 0x0000000704600000| Untracked 
|  71|0x0000000704700000, 0x0000000704700000, 0x0000000704800000|  0%| F|  |TAMS 0x0000000704700000, 0x0000000704700000| Untracked 
|  72|0x0000000704800000, 0x0000000704800000, 0x0000000704900000|  0%| F|  |TAMS 0x0000000704800000, 0x0000000704800000| Untracked 
|  73|0x0000000704900000, 0x0000000704900000, 0x0000000704a00000|  0%| F|  |TAMS 0x0000000704900000, 0x0000000704900000| Untracked 
|  74|0x0000000704a00000, 0x0000000704a00000, 0x0000000704b00000|  0%| F|  |TAMS 0x0000000704a00000, 0x0000000704a00000| Untracked 
|  75|0x0000000704b00000, 0x0000000704b00000, 0x0000000704c00000|  0%| F|  |TAMS 0x0000000704b00000, 0x0000000704b00000| Untracked 
|  76|0x0000000704c00000, 0x0000000704c00000, 0x0000000704d00000|  0%| F|  |TAMS 0x0000000704c00000, 0x0000000704c00000| Untracked 
|  77|0x0000000704d00000, 0x0000000704d00000, 0x0000000704e00000|  0%| F|  |TAMS 0x0000000704d00000, 0x0000000704d00000| Untracked 
|  78|0x0000000704e00000, 0x0000000704e00000, 0x0000000704f00000|  0%| F|  |TAMS 0x0000000704e00000, 0x0000000704e00000| Untracked 
|  79|0x0000000704f00000, 0x0000000704f00000, 0x0000000705000000|  0%| F|  |TAMS 0x0000000704f00000, 0x0000000704f00000| Untracked 
|  80|0x0000000705000000, 0x0000000705000000, 0x0000000705100000|  0%| F|  |TAMS 0x0000000705000000, 0x0000000705000000| Untracked 
|  81|0x0000000705100000, 0x0000000705100000, 0x0000000705200000|  0%| F|  |TAMS 0x0000000705100000, 0x0000000705100000| Untracked 
|  82|0x0000000705200000, 0x0000000705200000, 0x0000000705300000|  0%| F|  |TAMS 0x0000000705200000, 0x0000000705200000| Untracked 
|  83|0x0000000705300000, 0x0000000705300000, 0x0000000705400000|  0%| F|  |TAMS 0x0000000705300000, 0x0000000705300000| Untracked 
|  84|0x0000000705400000, 0x0000000705400000, 0x0000000705500000|  0%| F|  |TAMS 0x0000000705400000, 0x0000000705400000| Untracked 
|  85|0x0000000705500000, 0x0000000705500000, 0x0000000705600000|  0%| F|  |TAMS 0x0000000705500000, 0x0000000705500000| Untracked 
|  86|0x0000000705600000, 0x0000000705600000, 0x0000000705700000|  0%| F|  |TAMS 0x0000000705600000, 0x0000000705600000| Untracked 
|  87|0x0000000705700000, 0x0000000705700000, 0x0000000705800000|  0%| F|  |TAMS 0x0000000705700000, 0x0000000705700000| Untracked 
|  88|0x0000000705800000, 0x0000000705800000, 0x0000000705900000|  0%| F|  |TAMS 0x0000000705800000, 0x0000000705800000| Untracked 
|  89|0x0000000705900000, 0x0000000705900000, 0x0000000705a00000|  0%| F|  |TAMS 0x0000000705900000, 0x0000000705900000| Untracked 
|  90|0x0000000705a00000, 0x0000000705a00000, 0x0000000705b00000|  0%| F|  |TAMS 0x0000000705a00000, 0x0000000705a00000| Untracked 
|  91|0x0000000705b00000, 0x0000000705b00000, 0x0000000705c00000|  0%| F|  |TAMS 0x0000000705b00000, 0x0000000705b00000| Untracked 
|  92|0x0000000705c00000, 0x0000000705c00000, 0x0000000705d00000|  0%| F|  |TAMS 0x0000000705c00000, 0x0000000705c00000| Untracked 
|  93|0x0000000705d00000, 0x0000000705d00000, 0x0000000705e00000|  0%| F|  |TAMS 0x0000000705d00000, 0x0000000705d00000| Untracked 
|  94|0x0000000705e00000, 0x0000000705e00000, 0x0000000705f00000|  0%| F|  |TAMS 0x0000000705e00000, 0x0000000705e00000| Untracked 
|  95|0x0000000705f00000, 0x0000000705f00000, 0x0000000706000000|  0%| F|  |TAMS 0x0000000705f00000, 0x0000000705f00000| Untracked 
|  96|0x0000000706000000, 0x0000000706000000, 0x0000000706100000|  0%| F|  |TAMS 0x0000000706000000, 0x0000000706000000| Untracked 
|  97|0x0000000706100000, 0x0000000706100000, 0x0000000706200000|  0%| F|  |TAMS 0x0000000706100000, 0x0000000706100000| Untracked 
|  98|0x0000000706200000, 0x0000000706200000, 0x0000000706300000|  0%| F|  |TAMS 0x0000000706200000, 0x0000000706200000| Untracked 
|  99|0x0000000706300000, 0x0000000706300000, 0x0000000706400000|  0%| F|  |TAMS 0x0000000706300000, 0x0000000706300000| Untracked 
| 100|0x0000000706400000, 0x0000000706400000, 0x0000000706500000|  0%| F|  |TAMS 0x0000000706400000, 0x0000000706400000| Untracked 
| 101|0x0000000706500000, 0x0000000706500000, 0x0000000706600000|  0%| F|  |TAMS 0x0000000706500000, 0x0000000706500000| Untracked 
| 102|0x0000000706600000, 0x0000000706600000, 0x0000000706700000|  0%| F|  |TAMS 0x0000000706600000, 0x0000000706600000| Untracked 
| 103|0x0000000706700000, 0x0000000706700000, 0x0000000706800000|  0%| F|  |TAMS 0x0000000706700000, 0x0000000706700000| Untracked 
| 104|0x0000000706800000, 0x0000000706800000, 0x0000000706900000|  0%| F|  |TAMS 0x0000000706800000, 0x0000000706800000| Untracked 
| 105|0x0000000706900000, 0x0000000706900000, 0x0000000706a00000|  0%| F|  |TAMS 0x0000000706900000, 0x0000000706900000| Untracked 
| 106|0x0000000706a00000, 0x0000000706a00000, 0x0000000706b00000|  0%| F|  |TAMS 0x0000000706a00000, 0x0000000706a00000| Untracked 
| 107|0x0000000706b00000, 0x0000000706b00000, 0x0000000706c00000|  0%| F|  |TAMS 0x0000000706b00000, 0x0000000706b00000| Untracked 
| 108|0x0000000706c00000, 0x0000000706c00000, 0x0000000706d00000|  0%| F|  |TAMS 0x0000000706c00000, 0x0000000706c00000| Untracked 
| 109|0x0000000706d00000, 0x0000000706d00000, 0x0000000706e00000|  0%| F|  |TAMS 0x0000000706d00000, 0x0000000706d00000| Untracked 
| 110|0x0000000706e00000, 0x0000000706e00000, 0x0000000706f00000|  0%| F|  |TAMS 0x0000000706e00000, 0x0000000706e00000| Untracked 
| 111|0x0000000706f00000, 0x0000000706f00000, 0x0000000707000000|  0%| F|  |TAMS 0x0000000706f00000, 0x0000000706f00000| Untracked 
| 112|0x0000000707000000, 0x0000000707000000, 0x0000000707100000|  0%| F|  |TAMS 0x0000000707000000, 0x0000000707000000| Untracked 
| 113|0x0000000707100000, 0x0000000707100000, 0x0000000707200000|  0%| F|  |TAMS 0x0000000707100000, 0x0000000707100000| Untracked 
| 114|0x0000000707200000, 0x0000000707200000, 0x0000000707300000|  0%| F|  |TAMS 0x0000000707200000, 0x0000000707200000| Untracked 
| 115|0x0000000707300000, 0x0000000707300000, 0x0000000707400000|  0%| F|  |TAMS 0x0000000707300000, 0x0000000707300000| Untracked 
| 116|0x0000000707400000, 0x0000000707400000, 0x0000000707500000|  0%| F|  |TAMS 0x0000000707400000, 0x0000000707400000| Untracked 
| 117|0x0000000707500000, 0x0000000707500000, 0x0000000707600000|  0%| F|  |TAMS 0x0000000707500000, 0x0000000707500000| Untracked 
| 118|0x0000000707600000, 0x0000000707600000, 0x0000000707700000|  0%| F|  |TAMS 0x0000000707600000, 0x0000000707600000| Untracked 
| 119|0x0000000707700000, 0x0000000707700000, 0x0000000707800000|  0%| F|  |TAMS 0x0000000707700000, 0x0000000707700000| Untracked 
| 120|0x0000000707800000, 0x0000000707800000, 0x0000000707900000|  0%| F|  |TAMS 0x0000000707800000, 0x0000000707800000| Untracked 
| 121|0x0000000707900000, 0x0000000707900000, 0x0000000707a00000|  0%| F|  |TAMS 0x0000000707900000, 0x0000000707900000| Untracked 
| 122|0x0000000707a00000, 0x0000000707a00000, 0x0000000707b00000|  0%| F|  |TAMS 0x0000000707a00000, 0x0000000707a00000| Untracked 
| 123|0x0000000707b00000, 0x0000000707b00000, 0x0000000707c00000|  0%| F|  |TAMS 0x0000000707b00000, 0x0000000707b00000| Untracked 
| 124|0x0000000707c00000, 0x0000000707c00000, 0x0000000707d00000|  0%| F|  |TAMS 0x0000000707c00000, 0x0000000707c00000| Untracked 
| 125|0x0000000707d00000, 0x0000000707d00000, 0x0000000707e00000|  0%| F|  |TAMS 0x0000000707d00000, 0x0000000707d00000| Untracked 
| 126|0x0000000707e00000, 0x0000000707e00000, 0x0000000707f00000|  0%| F|  |TAMS 0x0000000707e00000, 0x0000000707e00000| Untracked 
| 127|0x0000000707f00000, 0x0000000707f00000, 0x0000000708000000|  0%| F|  |TAMS 0x0000000707f00000, 0x0000000707f00000| Untracked 
| 128|0x0000000708000000, 0x0000000708000000, 0x0000000708100000|  0%| F|  |TAMS 0x0000000708000000, 0x0000000708000000| Untracked 
| 129|0x0000000708100000, 0x0000000708100000, 0x0000000708200000|  0%| F|  |TAMS 0x0000000708100000, 0x0000000708100000| Untracked 
| 130|0x0000000708200000, 0x0000000708200000, 0x0000000708300000|  0%| F|  |TAMS 0x0000000708200000, 0x0000000708200000| Untracked 
| 131|0x0000000708300000, 0x0000000708300000, 0x0000000708400000|  0%| F|  |TAMS 0x0000000708300000, 0x0000000708300000| Untracked 
| 132|0x0000000708400000, 0x0000000708400000, 0x0000000708500000|  0%| F|  |TAMS 0x0000000708400000, 0x0000000708400000| Untracked 
| 133|0x0000000708500000, 0x0000000708500000, 0x0000000708600000|  0%| F|  |TAMS 0x0000000708500000, 0x0000000708500000| Untracked 
| 134|0x0000000708600000, 0x0000000708600000, 0x0000000708700000|  0%| F|  |TAMS 0x0000000708600000, 0x0000000708600000| Untracked 
| 135|0x0000000708700000, 0x0000000708700000, 0x0000000708800000|  0%| F|  |TAMS 0x0000000708700000, 0x0000000708700000| Untracked 
| 136|0x0000000708800000, 0x0000000708800000, 0x0000000708900000|  0%| F|  |TAMS 0x0000000708800000, 0x0000000708800000| Untracked 
| 137|0x0000000708900000, 0x0000000708900000, 0x0000000708a00000|  0%| F|  |TAMS 0x0000000708900000, 0x0000000708900000| Untracked 
| 138|0x0000000708a00000, 0x0000000708a00000, 0x0000000708b00000|  0%| F|  |TAMS 0x0000000708a00000, 0x0000000708a00000| Untracked 
| 139|0x0000000708b00000, 0x0000000708b00000, 0x0000000708c00000|  0%| F|  |TAMS 0x0000000708b00000, 0x0000000708b00000| Untracked 
| 140|0x0000000708c00000, 0x0000000708c00000, 0x0000000708d00000|  0%| F|  |TAMS 0x0000000708c00000, 0x0000000708c00000| Untracked 
| 141|0x0000000708d00000, 0x0000000708d00000, 0x0000000708e00000|  0%| F|  |TAMS 0x0000000708d00000, 0x0000000708d00000| Untracked 
| 142|0x0000000708e00000, 0x0000000708e00000, 0x0000000708f00000|  0%| F|  |TAMS 0x0000000708e00000, 0x0000000708e00000| Untracked 
| 143|0x0000000708f00000, 0x0000000708f00000, 0x0000000709000000|  0%| F|  |TAMS 0x0000000708f00000, 0x0000000708f00000| Untracked 
| 144|0x0000000709000000, 0x0000000709000000, 0x0000000709100000|  0%| F|  |TAMS 0x0000000709000000, 0x0000000709000000| Untracked 
| 145|0x0000000709100000, 0x0000000709100000, 0x0000000709200000|  0%| F|  |TAMS 0x0000000709100000, 0x0000000709100000| Untracked 
| 146|0x0000000709200000, 0x0000000709200000, 0x0000000709300000|  0%| F|  |TAMS 0x0000000709200000, 0x0000000709200000| Untracked 
| 147|0x0000000709300000, 0x0000000709300000, 0x0000000709400000|  0%| F|  |TAMS 0x0000000709300000, 0x0000000709300000| Untracked 
| 148|0x0000000709400000, 0x0000000709400000, 0x0000000709500000|  0%| F|  |TAMS 0x0000000709400000, 0x0000000709400000| Untracked 
| 149|0x0000000709500000, 0x0000000709500000, 0x0000000709600000|  0%| F|  |TAMS 0x0000000709500000, 0x0000000709500000| Untracked 
| 150|0x0000000709600000, 0x0000000709600000, 0x0000000709700000|  0%| F|  |TAMS 0x0000000709600000, 0x0000000709600000| Untracked 
| 151|0x0000000709700000, 0x0000000709700000, 0x0000000709800000|  0%| F|  |TAMS 0x0000000709700000, 0x0000000709700000| Untracked 
| 152|0x0000000709800000, 0x0000000709800000, 0x0000000709900000|  0%| F|  |TAMS 0x0000000709800000, 0x0000000709800000| Untracked 
| 153|0x0000000709900000, 0x0000000709900000, 0x0000000709a00000|  0%| F|  |TAMS 0x0000000709900000, 0x0000000709900000| Untracked 
| 154|0x0000000709a00000, 0x0000000709a00000, 0x0000000709b00000|  0%| F|  |TAMS 0x0000000709a00000, 0x0000000709a00000| Untracked 
| 155|0x0000000709b00000, 0x0000000709b00000, 0x0000000709c00000|  0%| F|  |TAMS 0x0000000709b00000, 0x0000000709b00000| Untracked 
| 156|0x0000000709c00000, 0x0000000709c00000, 0x0000000709d00000|  0%| F|  |TAMS 0x0000000709c00000, 0x0000000709c00000| Untracked 
| 157|0x0000000709d00000, 0x0000000709d00000, 0x0000000709e00000|  0%| F|  |TAMS 0x0000000709d00000, 0x0000000709d00000| Untracked 
| 158|0x0000000709e00000, 0x0000000709e00000, 0x0000000709f00000|  0%| F|  |TAMS 0x0000000709e00000, 0x0000000709e00000| Untracked 
| 159|0x0000000709f00000, 0x0000000709f00000, 0x000000070a000000|  0%| F|  |TAMS 0x0000000709f00000, 0x0000000709f00000| Untracked 
| 160|0x000000070a000000, 0x000000070a000000, 0x000000070a100000|  0%| F|  |TAMS 0x000000070a000000, 0x000000070a000000| Untracked 
| 161|0x000000070a100000, 0x000000070a100000, 0x000000070a200000|  0%| F|  |TAMS 0x000000070a100000, 0x000000070a100000| Untracked 
| 162|0x000000070a200000, 0x000000070a200000, 0x000000070a300000|  0%| F|  |TAMS 0x000000070a200000, 0x000000070a200000| Untracked 
| 163|0x000000070a300000, 0x000000070a300000, 0x000000070a400000|  0%| F|  |TAMS 0x000000070a300000, 0x000000070a300000| Untracked 
| 164|0x000000070a400000, 0x000000070a400000, 0x000000070a500000|  0%| F|  |TAMS 0x000000070a400000, 0x000000070a400000| Untracked 
| 165|0x000000070a500000, 0x000000070a500000, 0x000000070a600000|  0%| F|  |TAMS 0x000000070a500000, 0x000000070a500000| Untracked 
| 166|0x000000070a600000, 0x000000070a600000, 0x000000070a700000|  0%| F|  |TAMS 0x000000070a600000, 0x000000070a600000| Untracked 
| 167|0x000000070a700000, 0x000000070a700000, 0x000000070a800000|  0%| F|  |TAMS 0x000000070a700000, 0x000000070a700000| Untracked 
| 168|0x000000070a800000, 0x000000070a800000, 0x000000070a900000|  0%| F|  |TAMS 0x000000070a800000, 0x000000070a800000| Untracked 
| 169|0x000000070a900000, 0x000000070a900000, 0x000000070aa00000|  0%| F|  |TAMS 0x000000070a900000, 0x000000070a900000| Untracked 
| 170|0x000000070aa00000, 0x000000070aa00000, 0x000000070ab00000|  0%| F|  |TAMS 0x000000070aa00000, 0x000000070aa00000| Untracked 
| 171|0x000000070ab00000, 0x000000070ab00000, 0x000000070ac00000|  0%| F|  |TAMS 0x000000070ab00000, 0x000000070ab00000| Untracked 
| 172|0x000000070ac00000, 0x000000070ac00000, 0x000000070ad00000|  0%| F|  |TAMS 0x000000070ac00000, 0x000000070ac00000| Untracked 
| 173|0x000000070ad00000, 0x000000070ad00000, 0x000000070ae00000|  0%| F|  |TAMS 0x000000070ad00000, 0x000000070ad00000| Untracked 
| 174|0x000000070ae00000, 0x000000070ae00000, 0x000000070af00000|  0%| F|  |TAMS 0x000000070ae00000, 0x000000070ae00000| Untracked 
| 175|0x000000070af00000, 0x000000070af00000, 0x000000070b000000|  0%| F|  |TAMS 0x000000070af00000, 0x000000070af00000| Untracked 
| 176|0x000000070b000000, 0x000000070b000000, 0x000000070b100000|  0%| F|  |TAMS 0x000000070b000000, 0x000000070b000000| Untracked 
| 177|0x000000070b100000, 0x000000070b100000, 0x000000070b200000|  0%| F|  |TAMS 0x000000070b100000, 0x000000070b100000| Untracked 
| 178|0x000000070b200000, 0x000000070b200000, 0x000000070b300000|  0%| F|  |TAMS 0x000000070b200000, 0x000000070b200000| Untracked 
| 179|0x000000070b300000, 0x000000070b300000, 0x000000070b400000|  0%| F|  |TAMS 0x000000070b300000, 0x000000070b300000| Untracked 
| 180|0x000000070b400000, 0x000000070b400000, 0x000000070b500000|  0%| F|  |TAMS 0x000000070b400000, 0x000000070b400000| Untracked 
| 181|0x000000070b500000, 0x000000070b500000, 0x000000070b600000|  0%| F|  |TAMS 0x000000070b500000, 0x000000070b500000| Untracked 
| 182|0x000000070b600000, 0x000000070b600000, 0x000000070b700000|  0%| F|  |TAMS 0x000000070b600000, 0x000000070b600000| Untracked 
| 183|0x000000070b700000, 0x000000070b700000, 0x000000070b800000|  0%| F|  |TAMS 0x000000070b700000, 0x000000070b700000| Untracked 
| 184|0x000000070b800000, 0x000000070b800000, 0x000000070b900000|  0%| F|  |TAMS 0x000000070b800000, 0x000000070b800000| Untracked 
| 185|0x000000070b900000, 0x000000070b900000, 0x000000070ba00000|  0%| F|  |TAMS 0x000000070b900000, 0x000000070b900000| Untracked 
| 186|0x000000070ba00000, 0x000000070ba00000, 0x000000070bb00000|  0%| F|  |TAMS 0x000000070ba00000, 0x000000070ba00000| Untracked 
| 187|0x000000070bb00000, 0x000000070bb00000, 0x000000070bc00000|  0%| F|  |TAMS 0x000000070bb00000, 0x000000070bb00000| Untracked 
| 188|0x000000070bc00000, 0x000000070bc00000, 0x000000070bd00000|  0%| F|  |TAMS 0x000000070bc00000, 0x000000070bc00000| Untracked 
| 189|0x000000070bd00000, 0x000000070bd00000, 0x000000070be00000|  0%| F|  |TAMS 0x000000070bd00000, 0x000000070bd00000| Untracked 
| 190|0x000000070be00000, 0x000000070be00000, 0x000000070bf00000|  0%| F|  |TAMS 0x000000070be00000, 0x000000070be00000| Untracked 
| 191|0x000000070bf00000, 0x000000070bf00000, 0x000000070c000000|  0%| F|  |TAMS 0x000000070bf00000, 0x000000070bf00000| Untracked 
| 192|0x000000070c000000, 0x000000070c000000, 0x000000070c100000|  0%| F|  |TAMS 0x000000070c000000, 0x000000070c000000| Untracked 
| 193|0x000000070c100000, 0x000000070c100000, 0x000000070c200000|  0%| F|  |TAMS 0x000000070c100000, 0x000000070c100000| Untracked 
| 194|0x000000070c200000, 0x000000070c200000, 0x000000070c300000|  0%| F|  |TAMS 0x000000070c200000, 0x000000070c200000| Untracked 
| 195|0x000000070c300000, 0x000000070c300000, 0x000000070c400000|  0%| F|  |TAMS 0x000000070c300000, 0x000000070c300000| Untracked 
| 196|0x000000070c400000, 0x000000070c400000, 0x000000070c500000|  0%| F|  |TAMS 0x000000070c400000, 0x000000070c400000| Untracked 
| 197|0x000000070c500000, 0x000000070c500000, 0x000000070c600000|  0%| F|  |TAMS 0x000000070c500000, 0x000000070c500000| Untracked 
| 198|0x000000070c600000, 0x000000070c600000, 0x000000070c700000|  0%| F|  |TAMS 0x000000070c600000, 0x000000070c600000| Untracked 
| 199|0x000000070c700000, 0x000000070c700000, 0x000000070c800000|  0%| F|  |TAMS 0x000000070c700000, 0x000000070c700000| Untracked 
| 200|0x000000070c800000, 0x000000070c800000, 0x000000070c900000|  0%| F|  |TAMS 0x000000070c800000, 0x000000070c800000| Untracked 
| 201|0x000000070c900000, 0x000000070c900000, 0x000000070ca00000|  0%| F|  |TAMS 0x000000070c900000, 0x000000070c900000| Untracked 
| 202|0x000000070ca00000, 0x000000070ca00000, 0x000000070cb00000|  0%| F|  |TAMS 0x000000070ca00000, 0x000000070ca00000| Untracked 
| 203|0x000000070cb00000, 0x000000070cb00000, 0x000000070cc00000|  0%| F|  |TAMS 0x000000070cb00000, 0x000000070cb00000| Untracked 
| 204|0x000000070cc00000, 0x000000070cc00000, 0x000000070cd00000|  0%| F|  |TAMS 0x000000070cc00000, 0x000000070cc00000| Untracked 
| 205|0x000000070cd00000, 0x000000070cd00000, 0x000000070ce00000|  0%| F|  |TAMS 0x000000070cd00000, 0x000000070cd00000| Untracked 
| 206|0x000000070ce00000, 0x000000070ce00000, 0x000000070cf00000|  0%| F|  |TAMS 0x000000070ce00000, 0x000000070ce00000| Untracked 
| 207|0x000000070cf00000, 0x000000070cf00000, 0x000000070d000000|  0%| F|  |TAMS 0x000000070cf00000, 0x000000070cf00000| Untracked 
| 208|0x000000070d000000, 0x000000070d000000, 0x000000070d100000|  0%| F|  |TAMS 0x000000070d000000, 0x000000070d000000| Untracked 
| 209|0x000000070d100000, 0x000000070d100000, 0x000000070d200000|  0%| F|  |TAMS 0x000000070d100000, 0x000000070d100000| Untracked 
| 210|0x000000070d200000, 0x000000070d200000, 0x000000070d300000|  0%| F|  |TAMS 0x000000070d200000, 0x000000070d200000| Untracked 
| 211|0x000000070d300000, 0x000000070d300000, 0x000000070d400000|  0%| F|  |TAMS 0x000000070d300000, 0x000000070d300000| Untracked 
| 212|0x000000070d400000, 0x000000070d400000, 0x000000070d500000|  0%| F|  |TAMS 0x000000070d400000, 0x000000070d400000| Untracked 
| 213|0x000000070d500000, 0x000000070d500000, 0x000000070d600000|  0%| F|  |TAMS 0x000000070d500000, 0x000000070d500000| Untracked 
| 214|0x000000070d600000, 0x000000070d600000, 0x000000070d700000|  0%| F|  |TAMS 0x000000070d600000, 0x000000070d600000| Untracked 
| 215|0x000000070d700000, 0x000000070d700000, 0x000000070d800000|  0%| F|  |TAMS 0x000000070d700000, 0x000000070d700000| Untracked 
| 216|0x000000070d800000, 0x000000070d800000, 0x000000070d900000|  0%| F|  |TAMS 0x000000070d800000, 0x000000070d800000| Untracked 
| 217|0x000000070d900000, 0x000000070d900000, 0x000000070da00000|  0%| F|  |TAMS 0x000000070d900000, 0x000000070d900000| Untracked 
| 218|0x000000070da00000, 0x000000070da00000, 0x000000070db00000|  0%| F|  |TAMS 0x000000070da00000, 0x000000070da00000| Untracked 
| 219|0x000000070db00000, 0x000000070db00000, 0x000000070dc00000|  0%| F|  |TAMS 0x000000070db00000, 0x000000070db00000| Untracked 
| 220|0x000000070dc00000, 0x000000070dc00000, 0x000000070dd00000|  0%| F|  |TAMS 0x000000070dc00000, 0x000000070dc00000| Untracked 
| 221|0x000000070dd00000, 0x000000070dd00000, 0x000000070de00000|  0%| F|  |TAMS 0x000000070dd00000, 0x000000070dd00000| Untracked 
| 222|0x000000070de00000, 0x000000070de80800, 0x000000070df00000| 50%| E|  |TAMS 0x000000070de00000, 0x000000070de00000| Complete 
| 223|0x000000070df00000, 0x000000070e000000, 0x000000070e000000|100%| E|CS|TAMS 0x000000070df00000, 0x000000070df00000| Complete 
| 224|0x000000070e000000, 0x000000070e100000, 0x000000070e100000|100%| E|CS|TAMS 0x000000070e000000, 0x000000070e000000| Complete 
| 225|0x000000070e100000, 0x000000070e200000, 0x000000070e200000|100%| E|CS|TAMS 0x000000070e100000, 0x000000070e100000| Complete 
| 226|0x000000070e200000, 0x000000070e300000, 0x000000070e300000|100%| E|CS|TAMS 0x000000070e200000, 0x000000070e200000| Complete 
| 227|0x000000070e300000, 0x000000070e400000, 0x000000070e400000|100%| E|CS|TAMS 0x000000070e300000, 0x000000070e300000| Complete 
| 228|0x000000070e400000, 0x000000070e500000, 0x000000070e500000|100%| E|CS|TAMS 0x000000070e400000, 0x000000070e400000| Complete 
| 229|0x000000070e500000, 0x000000070e600000, 0x000000070e600000|100%| E|CS|TAMS 0x000000070e500000, 0x000000070e500000| Complete 
| 230|0x000000070e600000, 0x000000070e700000, 0x000000070e700000|100%| E|CS|TAMS 0x000000070e600000, 0x000000070e600000| Complete 
| 231|0x000000070e700000, 0x000000070e800000, 0x000000070e800000|100%| E|CS|TAMS 0x000000070e700000, 0x000000070e700000| Complete 
| 232|0x000000070e800000, 0x000000070e900000, 0x000000070e900000|100%| E|CS|TAMS 0x000000070e800000, 0x000000070e800000| Complete 
| 233|0x000000070e900000, 0x000000070ea00000, 0x000000070ea00000|100%| E|CS|TAMS 0x000000070e900000, 0x000000070e900000| Complete 
| 234|0x000000070ea00000, 0x000000070eb00000, 0x000000070eb00000|100%| E|CS|TAMS 0x000000070ea00000, 0x000000070ea00000| Complete 
| 235|0x000000070eb00000, 0x000000070ec00000, 0x000000070ec00000|100%| E|CS|TAMS 0x000000070eb00000, 0x000000070eb00000| Complete 
| 236|0x000000070ec00000, 0x000000070ed00000, 0x000000070ed00000|100%| E|CS|TAMS 0x000000070ec00000, 0x000000070ec00000| Complete 
| 237|0x000000070ed00000, 0x000000070ee00000, 0x000000070ee00000|100%| E|CS|TAMS 0x000000070ed00000, 0x000000070ed00000| Complete 
| 238|0x000000070ee00000, 0x000000070ef00000, 0x000000070ef00000|100%| E|CS|TAMS 0x000000070ee00000, 0x000000070ee00000| Complete 
| 239|0x000000070ef00000, 0x000000070f000000, 0x000000070f000000|100%| E|CS|TAMS 0x000000070ef00000, 0x000000070ef00000| Complete 
| 240|0x000000070f000000, 0x000000070f100000, 0x000000070f100000|100%| S|CS|TAMS 0x000000070f000000, 0x000000070f000000| Complete 
| 241|0x000000070f100000, 0x000000070f200000, 0x000000070f200000|100%| S|CS|TAMS 0x000000070f100000, 0x000000070f100000| Complete 
| 242|0x000000070f200000, 0x000000070f300000, 0x000000070f300000|100%| E|CS|TAMS 0x000000070f200000, 0x000000070f200000| Complete 
| 243|0x000000070f300000, 0x000000070f400000, 0x000000070f400000|100%| E|CS|TAMS 0x000000070f300000, 0x000000070f300000| Complete 
| 244|0x000000070f400000, 0x000000070f500000, 0x000000070f500000|100%| E|CS|TAMS 0x000000070f400000, 0x000000070f400000| Complete 
| 245|0x000000070f500000, 0x000000070f600000, 0x000000070f600000|100%| E|CS|TAMS 0x000000070f500000, 0x000000070f500000| Complete 
| 246|0x000000070f600000, 0x000000070f700000, 0x000000070f700000|100%| E|CS|TAMS 0x000000070f600000, 0x000000070f600000| Complete 
| 247|0x000000070f700000, 0x000000070f800000, 0x000000070f800000|100%| E|CS|TAMS 0x000000070f700000, 0x000000070f700000| Complete 
| 248|0x000000070f800000, 0x000000070f900000, 0x000000070f900000|100%| E|CS|TAMS 0x000000070f800000, 0x000000070f800000| Complete 
| 249|0x000000070f900000, 0x000000070fa00000, 0x000000070fa00000|100%| E|CS|TAMS 0x000000070f900000, 0x000000070f900000| Complete 
| 250|0x000000070fa00000, 0x000000070fb00000, 0x000000070fb00000|100%| E|CS|TAMS 0x000000070fa00000, 0x000000070fa00000| Complete 
| 251|0x000000070fb00000, 0x000000070fc00000, 0x000000070fc00000|100%| E|CS|TAMS 0x000000070fb00000, 0x000000070fb00000| Complete 
| 252|0x000000070fc00000, 0x000000070fd00000, 0x000000070fd00000|100%| E|CS|TAMS 0x000000070fc00000, 0x000000070fc00000| Complete 
| 253|0x000000070fd00000, 0x000000070fe00000, 0x000000070fe00000|100%| E|CS|TAMS 0x000000070fd00000, 0x000000070fd00000| Complete 
| 254|0x000000070fe00000, 0x000000070ff00000, 0x000000070ff00000|100%| E|CS|TAMS 0x000000070fe00000, 0x000000070fe00000| Complete 
| 255|0x000000070ff00000, 0x0000000710000000, 0x0000000710000000|100%| E|CS|TAMS 0x000000070ff00000, 0x000000070ff00000| Complete 

Card table byte_map: [0x0000017afd660000,0x0000017afde60000] _byte_map_base: 0x0000017af9e60000

Marking Bits (Prev, Next): (CMBitMap*) 0x0000017af93dc9b8, (CMBitMap*) 0x0000017af93dc9f0
 Prev Bits: [0x0000017a8f000000, 0x0000017a93000000)
 Next Bits: [0x0000017a93000000, 0x0000017a97000000)

Polling page: 0x0000017af7250000

Metaspace:

Usage:
  Non-class:     13.33 MB capacity,    13.19 MB ( 99%) used,   123.95 KB ( <1%) free+waste,    22.75 KB ( <1%) overhead. 
      Class:      1.81 MB capacity,     1.69 MB ( 93%) used,   116.60 KB (  6%) free+waste,    11.44 KB ( <1%) overhead. 
       Both:     15.14 MB capacity,    14.87 MB ( 98%) used,   240.55 KB (  2%) free+waste,    34.19 KB ( <1%) overhead. 

Virtual space:
  Non-class space:       16.00 MB reserved,      13.50 MB ( 84%) committed 
      Class space:        1.00 GB reserved,       1.88 MB ( <1%) committed 
             Both:        1.02 GB reserved,      15.38 MB (  1%) committed 

Chunk freelists:
   Non-Class:  45.00 KB
       Class:  1.00 KB
        Both:  46.00 KB

MaxMetaspaceSize: 17179869184.00 GB
CompressedClassSpaceSize: 1.00 GB
Initial GC threshold: 20.80 MB
Current GC threshold: 20.80 MB
CDS: off

CodeHeap 'non-profiled nmethods': size=120064Kb used=508Kb max_used=508Kb free=119555Kb
 bounds [0x0000017a87ac0000, 0x0000017a87d30000, 0x0000017a8f000000]
CodeHeap 'profiled nmethods': size=120000Kb used=2385Kb max_used=2385Kb free=117614Kb
 bounds [0x0000017a80590000, 0x0000017a80800000, 0x0000017a87ac0000]
CodeHeap 'non-nmethods': size=5696Kb used=1165Kb max_used=1180Kb free=4530Kb
 bounds [0x0000017a80000000, 0x0000017a80270000, 0x0000017a80590000]
 total_blobs=1654 nmethods=1238 adapters=329
 compilation: enabled
              stopped_count=0, restarted_count=0
 full_count=0

Compilation events (20 events):
Event: 4.635 Thread 0x0000017aff4b9800 nmethod 1228 0x0000017a807dbc10 code [0x0000017a807dbe40, 0x0000017a807dc828]
Event: 4.635 Thread 0x0000017aff4b9800 1227       3       java.lang.reflect.ProxyGenerator$ConstantPool::getNameAndType (30 bytes)
Event: 4.636 Thread 0x0000017aff4b9800 nmethod 1227 0x0000017a807dca90 code [0x0000017a807dccc0, 0x0000017a807dd308]
Event: 4.636 Thread 0x0000017aff4b9800 1229       3       java.lang.reflect.ProxyGenerator::codeLocalLoadStore (90 bytes)
Event: 4.636 Thread 0x0000017aff4b9800 nmethod 1229 0x0000017a807dd590 code [0x0000017a807dd840, 0x0000017a807de688]
Event: 4.639 Thread 0x0000017aff4b9800 1230       3       java.util.Objects::hash (5 bytes)
Event: 4.639 Thread 0x0000017aff4b9800 nmethod 1230 0x0000017a807deb10 code [0x0000017a807decc0, 0x0000017a807dedc8]
Event: 4.639 Thread 0x0000017aff4b9800 1231       3       java.util.regex.Pattern::curly (115 bytes)
Event: 4.639 Thread 0x0000017aff472000 1232       4       jdk.internal.org.objectweb.asm.Item::set (219 bytes)
Event: 4.640 Thread 0x0000017aff4b9800 nmethod 1231 0x0000017a807dee90 code [0x0000017a807df1e0, 0x0000017a807e0ba8]
Event: 4.641 Thread 0x0000017aff4b9800 1233       3       java.lang.invoke.TypeConvertingMethodAdapter::descriptorToName (36 bytes)
Event: 4.647 Thread 0x0000017aff4b9800 nmethod 1233 0x0000017a807e1190 code [0x0000017a807e1420, 0x0000017a807e1fa8]
Event: 4.665 Thread 0x0000017aff472000 nmethod 1232 0x0000017a87b3d010 code [0x0000017a87b3d1e0, 0x0000017a87b3e058]
Event: 4.845 Thread 0x0000017aff4b9800 1234       3       java.lang.invoke.VarHandleGuards::guard_LII_Z (70 bytes)
Event: 4.846 Thread 0x0000017aff4b9800 nmethod 1234 0x0000017a807e2410 code [0x0000017a807e26c0, 0x0000017a807e3788]
Event: 4.846 Thread 0x0000017aff4b9800 1235       3       java.lang.invoke.VarHandleInts$FieldInstanceReadWrite::compareAndSet (24 bytes)
Event: 4.846 Thread 0x0000017aff4b9800 nmethod 1235 0x0000017a807e3d10 code [0x0000017a807e3f20, 0x0000017a807e43e8]
Event: 5.942 Thread 0x0000017aff4b9800 1238       1       java.util.concurrent.atomic.AtomicLong::get (5 bytes)
Event: 5.942 Thread 0x0000017aff4b9800 nmethod 1238 0x0000017a87b3ef10 code [0x0000017a87b3f0c0, 0x0000017a87b3f178]
Event: 6.272 Thread 0x0000017aff4b9800 1239       3       java.util.regex.Pattern::sequence (645 bytes)

GC Heap History (2 events):
Event: 1.434 GC heap before
{Heap before GC invocations=0 (full 0):
 garbage-first heap   total 262144K, used 16384K [0x0000000700000000, 0x0000000800000000)
  region size 1024K, 14 young (14336K), 0 survivors (0K)
 Metaspace       used 8393K, capacity 8618K, committed 8832K, reserved 1056768K
  class space    used 749K, capacity 825K, committed 896K, reserved 1048576K
}
Event: 1.487 GC heap after
{Heap after GC invocations=1 (full 0):
 garbage-first heap   total 262144K, used 3522K [0x0000000700000000, 0x0000000800000000)
  region size 1024K, 2 young (2048K), 2 survivors (2048K)
 Metaspace       used 8393K, capacity 8618K, committed 8832K, reserved 1056768K
  class space    used 749K, capacity 825K, committed 896K, reserved 1048576K
}

Deoptimization events (20 events):
Event: 4.424 Thread 0x0000017af937b000 DEOPT PACKING pc=0x0000017a80652341 sp=0x00000018238fc500
Event: 4.424 Thread 0x0000017af937b000 DEOPT UNPACKING pc=0x0000017a80049d0e sp=0x00000018238fb9f8 mode 0
Event: 4.468 Thread 0x0000017af937b000 DEOPT PACKING pc=0x0000017a8078e178 sp=0x00000018238fc790
Event: 4.468 Thread 0x0000017af937b000 DEOPT UNPACKING pc=0x0000017a80049d0e sp=0x00000018238fbc98 mode 0
Event: 4.634 Thread 0x0000017a9979a000 Uncommon trap: trap_request=0xffffff4d fr.pc=0x0000017a87b01d44 relative=0x0000000000000204
Event: 4.634 Thread 0x0000017a9979a000 Uncommon trap: reason=unstable_if action=reinterpret pc=0x0000017a87b01d44 method=java.util.HashMap.getNode(ILjava/lang/Object;)Ljava/util/HashMap$Node; @ 129 c2
Event: 4.634 Thread 0x0000017a9979a000 DEOPT PACKING pc=0x0000017a87b01d44 sp=0x0000001824dfe7d0
Event: 4.634 Thread 0x0000017a9979a000 DEOPT UNPACKING pc=0x0000017a800085af sp=0x0000001824dfe740 mode 2
Event: 4.650 Thread 0x0000017a9979a000 Uncommon trap: trap_request=0xffffff4d fr.pc=0x0000017a87af8848 relative=0x0000000000000488
Event: 4.650 Thread 0x0000017a9979a000 Uncommon trap: reason=unstable_if action=reinterpret pc=0x0000017a87af8848 method=java.lang.AbstractStringBuilder.putStringAt(ILjava/lang/String;)V @ 8 c2
Event: 4.650 Thread 0x0000017a9979a000 DEOPT PACKING pc=0x0000017a87af8848 sp=0x0000001824dfeea0
Event: 4.650 Thread 0x0000017a9979a000 DEOPT UNPACKING pc=0x0000017a800085af sp=0x0000001824dfeda8 mode 2
Event: 4.650 Thread 0x0000017a9979a000 Uncommon trap: trap_request=0xffffff4d fr.pc=0x0000017a87af78a0 relative=0x0000000000000460
Event: 4.650 Thread 0x0000017a9979a000 Uncommon trap: reason=unstable_if action=reinterpret pc=0x0000017a87af78a0 method=java.lang.AbstractStringBuilder.putStringAt(ILjava/lang/String;)V @ 8 c2
Event: 4.650 Thread 0x0000017a9979a000 DEOPT PACKING pc=0x0000017a87af78a0 sp=0x0000001824dfee30
Event: 4.650 Thread 0x0000017a9979a000 DEOPT UNPACKING pc=0x0000017a800085af sp=0x0000001824dfeda0 mode 2
Event: 4.650 Thread 0x0000017a9979a000 Uncommon trap: trap_request=0xffffff4d fr.pc=0x0000017a87b1b6f8 relative=0x0000000000000058
Event: 4.650 Thread 0x0000017a9979a000 Uncommon trap: reason=unstable_if action=reinterpret pc=0x0000017a87b1b6f8 method=java.lang.AbstractStringBuilder.isLatin1()Z @ 10 c2
Event: 4.650 Thread 0x0000017a9979a000 DEOPT PACKING pc=0x0000017a87b1b6f8 sp=0x0000001824dfed40
Event: 4.650 Thread 0x0000017a9979a000 DEOPT UNPACKING pc=0x0000017a800085af sp=0x0000001824dfecd0 mode 2

Classes redefined (0 events):
No events

Internal exceptions (17 events):
Event: 0.503 Thread 0x0000017af937b000 Exception <a 'java/lang/NoSuchMethodError'{0x000000070fe8a990}: 'int java.lang.invoke.DirectMethodHandle$Holder.invokeSpecialIFC(java.lang.Object, java.lang.Object, int)'> (0x000000070fe8a990) thrown at [src/hotspot/share/interpreter/linkResolver.cpp, line 773]
Event: 0.694 Thread 0x0000017af937b000 Exception <a 'java/lang/NoSuchMethodError'{0x000000070fc5c918}: 'int java.lang.invoke.DirectMethodHandle$Holder.invokeStaticInit(java.lang.Object, java.lang.Object)'> (0x000000070fc5c918) thrown at [src/hotspot/share/interpreter/linkResolver.cpp, line 773]
Event: 0.844 Thread 0x0000017af937b000 Exception <a 'java/lang/NoSuchMethodError'{0x000000070fb28bb8}: 'int java.lang.invoke.DirectMethodHandle$Holder.invokeSpecial(java.lang.Object, java.lang.Object, java.lang.Object, java.lang.Object)'> (0x000000070fb28bb8) thrown at [src/hotspot/share/interpreter/linkResolver.cpp, line 773]
Event: 2.027 Thread 0x0000017af937b000 Implicit null exception at 0x0000017a87b02475 to 0x0000017a87b02694
Event: 2.077 Thread 0x0000017af937b000 Exception <a 'java/lang/NoClassDefFoundError'{0x000000070f624f10}: org/slf4j/impl/StaticMarkerBinder> (0x000000070f624f10) thrown at [src/hotspot/share/classfile/systemDictionary.cpp, line 219]
Event: 2.090 Thread 0x0000017af937b000 Exception <a 'java/lang/NoSuchMethodError'{0x000000070f514608}: 'java.lang.Object java.lang.invoke.DirectMethodHandle$Holder.invokeVirtual(java.lang.Object, java.lang.Object, java.lang.Object, java.lang.Object, java.lang.Object, java.lang.Object, java.lang.Object)'> (0x000000070f514608) thrown at [src/hotspot/share/interpreter/linkResolver.cpp, line 773]
Event: 2.096 Thread 0x0000017af937b000 Exception <a 'java/lang/NoSuchMethodError'{0x000000070f528080}: 'java.lang.Object java.lang.invoke.Invokers$Holder.invoker(java.lang.Object, java.lang.Object, java.lang.Object)'> (0x000000070f528080) thrown at [src/hotspot/share/interpreter/linkResolver.cpp, line 773]
Event: 2.099 Thread 0x0000017af937b000 Exception <a 'java/lang/NoSuchMethodError'{0x000000070f538c78}: 'void java.lang.invoke.DelegatingMethodHandle$Holder.delegate(java.lang.Object, java.lang.Object, int, java.lang.Object)'> (0x000000070f538c78) thrown at [src/hotspot/share/interpreter/linkResolver.cpp, line 773]
Event: 2.353 Thread 0x0000017af937b000 Exception <a 'java/lang/NoSuchMethodError'{0x000000070ed53090}: 'java.lang.Object java.lang.invoke.DirectMethodHandle$Holder.invokeInterface(java.lang.Object, java.lang.Object, java.lang.Object)'> (0x000000070ed53090) thrown at [src/hotspot/share/interpreter/linkResolver.cpp, line 773]
Event: 2.538 Thread 0x0000017af937b000 Exception <a 'java/lang/NoSuchMethodError'{0x000000070ebe1b28}: 'java.lang.Object java.lang.invoke.DirectMethodHandle$Holder.invokeStaticInit(java.lang.Object, java.lang.Object, java.lang.Object)'> (0x000000070ebe1b28) thrown at [src/hotspot/share/interpreter/linkResolver.cpp, line 773]
Event: 2.722 Thread 0x0000017af937b000 Exception <a 'java/lang/NoSuchMethodError'{0x000000070e6a85d0}: 'java.lang.Object java.lang.invoke.DirectMethodHandle$Holder.invokeStaticInit(java.lang.Object, int, int, int, int)'> (0x000000070e6a85d0) thrown at [src/hotspot/share/interpreter/linkResolver.cpp, line 773]
Event: 3.878 Thread 0x0000017af937b000 Exception <a 'java/lang/NoSuchMethodError'{0x000000070e6c2ea0}: 'java.lang.Object java.lang.invoke.DirectMethodHandle$Holder.invokeStaticInit(java.lang.Object, java.lang.Object, int, int, int, int)'> (0x000000070e6c2ea0) thrown at [src/hotspot/share/interpreter/linkResolver.cpp, line 773]
Event: 4.613 Thread 0x0000017a9979a000 Exception <a 'java/lang/NoSuchMethodError'{0x000000070df0f8e8}: 'void java.lang.invoke.DirectMethodHandle$Holder.invokeStatic(java.lang.Object, long)'> (0x000000070df0f8e8) thrown at [src/hotspot/share/interpreter/linkResolver.cpp, line 773]
Event: 4.614 Thread 0x0000017a9979a000 Exception <a 'java/lang/NoSuchMethodError'{0x000000070df14850}: 'java.lang.Object java.lang.invoke.DirectMethodHandle$Holder.invokeStatic(java.lang.Object, long)'> (0x000000070df14850) thrown at [src/hotspot/share/interpreter/linkResolver.cpp, line 773]
Event: 4.616 Thread 0x0000017a9979a000 Exception <a 'java/lang/NoSuchMethodError'{0x000000070df228f0}: 'java.lang.Object java.lang.invoke.DirectMethodHandle$Holder.invokeStaticInit(java.lang.Object, java.lang.Object, long, java.lang.Object)'> (0x000000070df228f0) thrown at [src/hotspot/share/interpreter/linkResolver.cpp, line 773]
Event: 4.616 Thread 0x0000017a9979a000 Exception <a 'java/lang/NoSuchMethodError'{0x000000070df28818}: 'java.lang.Object java.lang.invoke.DirectMethodHandle$Holder.invokeStatic(java.lang.Object, java.lang.Object, long)'> (0x000000070df28818) thrown at [src/hotspot/share/interpreter/linkResolver.cpp, line 773]
Event: 4.617 Thread 0x0000017a9979a000 Exception <a 'java/lang/NoSuchMethodError'{0x000000070df2eae8}: 'java.lang.Object java.lang.invoke.Invokers$Holder.linkToTargetMethod(java.lang.Object, long, java.lang.Object)'> (0x000000070df2eae8) thrown at [src/hotspot/share/interpreter/linkResolver.cpp, line 773]

Events (20 events):
Event: 4.640 loading class java/text/NumberFormat done
Event: 4.640 loading class java/text/spi/NumberFormatProvider
Event: 4.641 loading class java/text/spi/NumberFormatProvider done
Event: 4.641 loading class sun/util/locale/provider/NumberFormatProviderImpl
Event: 4.641 loading class sun/util/locale/provider/NumberFormatProviderImpl done
Event: 4.642 Executing VM operation: RevokeBias
Event: 4.647 Executing VM operation: RevokeBias done
Event: 4.648 loading class java/text/DecimalFormat
Event: 4.648 Executing VM operation: RevokeBias
Event: 4.648 loading class java/text/DecimalFormat done
Event: 4.649 Executing VM operation: RevokeBias done
Event: 4.649 loading class java/text/FieldPosition
Event: 4.649 loading class java/text/FieldPosition done
Event: 4.649 loading class java/text/DigitList
Event: 4.649 Executing VM operation: RevokeBias
Event: 4.649 loading class java/text/DigitList done
Event: 4.649 Executing VM operation: RevokeBias done
Event: 4.649 Thread 0x0000017a998ef800 Thread exited: 0x0000017a998ef800
Event: 6.272 loading class java/util/regex/Matcher$ImmutableMatchResult
Event: 6.272 loading class java/util/regex/Matcher$ImmutableMatchResult done


Dynamic libraries:
0x00007ff6bbfa0000 - 0x00007ff6bbfaa000 	C:\android-studio\jbr\bin\java.exe
0x00007ffd72dd0000 - 0x00007ffd72fe4000 	C:\Windows\SYSTEM32\ntdll.dll
0x00007ffd716b0000 - 0x00007ffd71773000 	C:\Windows\System32\KERNEL32.DLL
0x00007ffd70570000 - 0x00007ffd7090c000 	C:\Windows\System32\KERNELBASE.dll
0x00007ffd70210000 - 0x00007ffd70321000 	C:\Windows\System32\ucrtbase.dll
0x00007ffd5b2e0000 - 0x00007ffd5b2fb000 	C:\android-studio\jbr\bin\VCRUNTIME140.dll
0x00007ffd620e0000 - 0x00007ffd620f7000 	C:\android-studio\jbr\bin\jli.dll
0x00007ffd70be0000 - 0x00007ffd70d8d000 	C:\Windows\System32\USER32.dll
0x00007ffd70330000 - 0x00007ffd70356000 	C:\Windows\System32\win32u.dll
0x00007ffd70e90000 - 0x00007ffd70eb9000 	C:\Windows\System32\GDI32.dll
0x00007ffd70450000 - 0x00007ffd70563000 	C:\Windows\System32\gdi32full.dll
0x00007ffd70a80000 - 0x00007ffd70b1a000 	C:\Windows\System32\msvcp_win.dll
0x00007ffd57a20000 - 0x00007ffd57cae000 	C:\Windows\WinSxS\amd64_microsoft.windows.common-controls_6595b64144ccf1df_6.0.22621.608_none_a9444ca7c10bb01d\COMCTL32.dll
0x00007ffd72c70000 - 0x00007ffd72d17000 	C:\Windows\System32\msvcrt.dll
0x00007ffd71110000 - 0x00007ffd71141000 	C:\Windows\System32\IMM32.DLL
0x0000017af7220000 - 0x0000017af7234000 	C:\Windows\System32\umppc16705.dll
0x00007ffd6fed0000 - 0x00007ffd6ff05000 	C:\Windows\system32\vmwsci.dll
0x00007ffd71100000 - 0x00007ffd71108000 	C:\Windows\System32\PSAPI.DLL
0x00007ffd62340000 - 0x00007ffd623de000 	C:\Windows\system32\ftapihook64.dll
0x00007ffd71150000 - 0x00007ffd711fe000 	C:\Windows\System32\ADVAPI32.dll
0x00007ffd70ee0000 - 0x00007ffd70f84000 	C:\Windows\System32\sechost.dll
0x00007ffd71590000 - 0x00007ffd716a5000 	C:\Windows\System32\RPCRT4.dll
0x00007ffd6c330000 - 0x00007ffd6c3db000 	C:\Windows\system32\uxtheme.dll
0x00007ffd71200000 - 0x00007ffd71589000 	C:\Windows\System32\combase.dll
0x00007ffd6b4c0000 - 0x00007ffd6b54b000 	C:\Windows\system32\ftgenstub.dll
0x00007ffd71e50000 - 0x00007ffd722c4000 	C:\Windows\System32\setupapi.dll
0x00007ffd649c0000 - 0x00007ffd649cc000 	C:\android-studio\jbr\bin\vcruntime140_1.dll
0x00007ffd3ed80000 - 0x00007ffd3ee0d000 	C:\android-studio\jbr\bin\msvcp140.dll
0x00007ffd33a00000 - 0x00007ffd345bc000 	C:\android-studio\jbr\bin\server\jvm.dll
0x00007ffd5e130000 - 0x00007ffd5e139000 	C:\Windows\SYSTEM32\WSOCK32.dll
0x00007ffd71080000 - 0x00007ffd710f1000 	C:\Windows\System32\WS2_32.dll
0x00007ffd5fcd0000 - 0x00007ffd5fd04000 	C:\Windows\SYSTEM32\WINMM.dll
0x00007ffd6ed70000 - 0x00007ffd6ed7a000 	C:\Windows\SYSTEM32\VERSION.dll
0x00007ffd6f0b0000 - 0x00007ffd6f0c8000 	C:\Windows\SYSTEM32\kernel.appcore.dll
0x00007ffd6b3d0000 - 0x00007ffd6b3e0000 	C:\android-studio\jbr\bin\verify.dll
0x00007ffd6d5b0000 - 0x00007ffd6d7de000 	C:\Windows\SYSTEM32\DBGHELP.DLL
0x00007ffd71cb0000 - 0x00007ffd71d87000 	C:\Windows\System32\OLEAUT32.dll
0x00007ffd6a480000 - 0x00007ffd6a4b2000 	C:\Windows\SYSTEM32\dbgcore.DLL
0x00007ffd70360000 - 0x00007ffd703db000 	C:\Windows\System32\bcryptPrimitives.dll
0x00007ffd6a320000 - 0x00007ffd6a348000 	C:\android-studio\jbr\bin\java.dll
0x00007ffd6a920000 - 0x00007ffd6a92a000 	C:\android-studio\jbr\bin\jimage.dll
0x00007ffd6a290000 - 0x00007ffd6a2a8000 	C:\android-studio\jbr\bin\zip.dll
0x00007ffd72480000 - 0x00007ffd72c70000 	C:\Windows\System32\SHELL32.dll
0x00007ffd6dea0000 - 0x00007ffd6e76e000 	C:\Windows\SYSTEM32\windows.storage.dll
0x00007ffd6dd60000 - 0x00007ffd6de9e000 	C:\Windows\SYSTEM32\wintypes.dll
0x00007ffd719f0000 - 0x00007ffd71ae1000 	C:\Windows\System32\SHCORE.dll
0x00007ffd71020000 - 0x00007ffd7107e000 	C:\Windows\System32\shlwapi.dll
0x00007ffd70140000 - 0x00007ffd70161000 	C:\Windows\SYSTEM32\profapi.dll
0x00007ffd69c30000 - 0x00007ffd69c49000 	C:\android-studio\jbr\bin\net.dll
0x00007ffd6f120000 - 0x00007ffd6f24f000 	C:\Windows\SYSTEM32\WINHTTP.dll
0x00007ffd6f690000 - 0x00007ffd6f6f9000 	C:\Windows\system32\mswsock.dll
0x00007ffd620c0000 - 0x00007ffd620d3000 	C:\android-studio\jbr\bin\nio.dll
0x00007ffd5a6d0000 - 0x00007ffd5a6f7000 	C:\Users\lavanya.r\.gradle\native\e1d6ef7f7dcc3fd88c89a11ec53ec762bb8ba0a96d01ffa2cd45eb1d1d8dd5c5\windows-amd64\native-platform.dll
0x00007ffd6a310000 - 0x00007ffd6a31a000 	C:\android-studio\jbr\bin\management.dll
0x00007ffd69c20000 - 0x00007ffd69c2b000 	C:\android-studio\jbr\bin\management_ext.dll
0x00007ffd6f960000 - 0x00007ffd6f97b000 	C:\Windows\SYSTEM32\CRYPTSP.dll
0x00007ffd6f070000 - 0x00007ffd6f0a5000 	C:\Windows\system32\rsaenh.dll
0x00007ffd6f730000 - 0x00007ffd6f758000 	C:\Windows\SYSTEM32\USERENV.dll
0x00007ffd6fab0000 - 0x00007ffd6fad8000 	C:\Windows\SYSTEM32\bcrypt.dll
0x00007ffd6f940000 - 0x00007ffd6f94c000 	C:\Windows\SYSTEM32\CRYPTBASE.dll
0x00007ffd6e9b0000 - 0x00007ffd6e9dd000 	C:\Windows\SYSTEM32\IPHLPAPI.DLL
0x00007ffd71df0000 - 0x00007ffd71df9000 	C:\Windows\System32\NSI.dll
0x00007ffd673e0000 - 0x00007ffd673f9000 	C:\Windows\SYSTEM32\dhcpcsvc6.DLL
0x00007ffd67210000 - 0x00007ffd6722f000 	C:\Windows\SYSTEM32\dhcpcsvc.DLL
0x00007ffd6ea20000 - 0x00007ffd6eb13000 	C:\Windows\SYSTEM32\DNSAPI.dll

dbghelp: loaded successfully - version: 4.0.5 - missing functions: none
symbol engine: initialized successfully - sym options: 0x614 - pdb path: .;C:\android-studio\jbr\bin;C:\Windows\SYSTEM32;C:\Windows\WinSxS\amd64_microsoft.windows.common-controls_6595b64144ccf1df_6.0.22621.608_none_a9444ca7c10bb01d;C:\android-studio\jbr\bin\server;C:\Users\lavanya.r\.gradle\native\e1d6ef7f7dcc3fd88c89a11ec53ec762bb8ba0a96d01ffa2cd45eb1d1d8dd5c5\windows-amd64

VM Arguments:
jvm_args: -Dorg.gradle.appname=gradlew 
java_command: org.gradle.wrapper.GradleWrapperMain -q -Ptarget-platform=android-arm64 -Ptarget=C:\Users\lavanya.r\Documents\GHMC_Officer\ghmc_offcicer\lib\main.dart -Pbase-application-name=android.app.Application -Pdart-defines=RkxVVFRFUl9XRUJfQVVUT19ERVRFQ1Q9dHJ1ZQ== -Pdart-obfuscation=false -Ptrack-widget-creation=true -Ptree-shake-icons=false -Pfilesystem-scheme=org-dartlang-root assembleDebug
java_class_path (initial): C:\Users\lavanya.r\Documents\GHMC_Officer\ghmc_offcicer\android\\gradle\wrapper\gradle-wrapper.jar
Launcher Type: SUN_STANDARD

[Global flags]
     intx CICompilerCount                          = 3                                         {product} {ergonomic}
     uint ConcGCThreads                            = 1                                         {product} {ergonomic}
     uint G1ConcRefinementThreads                  = 4                                         {product} {ergonomic}
   size_t G1HeapRegionSize                         = 1048576                                   {product} {ergonomic}
    uintx GCDrainStackTargetSize                   = 64                                        {product} {ergonomic}
   size_t InitialHeapSize                          = 268435456                                 {product} {ergonomic}
   size_t MarkStackSize                            = 4194304                                   {product} {ergonomic}
   size_t MaxHeapSize                              = 4294967296                                {product} {ergonomic}
   size_t MaxNewSize                               = 2576351232                                {product} {ergonomic}
   size_t MinHeapDeltaBytes                        = 1048576                                   {product} {ergonomic}
    uintx NonNMethodCodeHeapSize                   = 5830732                                {pd product} {ergonomic}
    uintx NonProfiledCodeHeapSize                  = 122913754                              {pd product} {ergonomic}
    uintx ProfiledCodeHeapSize                     = 122913754                              {pd product} {ergonomic}
    uintx ReservedCodeCacheSize                    = 251658240                              {pd product} {ergonomic}
     bool SegmentedCodeCache                       = true                                      {product} {ergonomic}
     bool UseCompressedClassPointers               = true                                 {lp64_product} {ergonomic}
     bool UseCompressedOops                        = true                                 {lp64_product} {ergonomic}
     bool UseG1GC                                  = true                                      {product} {ergonomic}
     bool UseLargePagesIndividualAllocation        = false                                  {pd product} {ergonomic}

Logging:
Log output configuration:
 #0: stdout all=warning uptime,level,tags
 #1: stderr all=off uptime,level,tags

Environment Variables:
JAVA_HOME=C:\android-studio\jbr
CLASSPATH=C:\Users\lavanya.r\Documents\GHMC_Officer\ghmc_offcicer\android\\gradle\wrapper\gradle-wrapper.jar
PATH=C:\Users\lavanya.r\Desktop\flutter\bin\;C:\Windows\system32;C:\Windows;C:\Windows\System32\Wbem;C:\Windows\System32\WindowsPowerShell\v1.0\;C:\Windows\System32\OpenSSH\;C:\Program Files\Git\cmd;C:\flutter_windows_3.7.7-stable\flutter\bin;C:\Program Files\jdk-19.0.2\bin;C:\Program Files (x86)\nodejs\;C:\Users\lavanya.r\AppData\Local\Microsoft\WindowsApps;C:\VSCode-win32-x64-1.76.1\bin;C:\Users\lavanya.r\AppData\Local\Android\Sdk\platform-tools;C:\Users\lavanya.r\Desktop\flutter\bin;;C:\Users\lavanya.r\Desktop\flutter\bin\mingit\cmd
USERNAME=lavanya.r
LANG=en_US.UTF-8
OS=Windows_NT
PROCESSOR_IDENTIFIER=Intel64 Family 6 Model 106 Stepping 6, GenuineIntel



---------------  S Y S T E M  ---------------

OS: Windows 11 , 64 bit Build 22621 (10.0.22621.1344)
OS uptime: 24 days 22:41 hours
Hyper-V role detected

CPU:total 4 (initial active 4) (2 cores per cpu, 1 threads per core) family 6 model 106 stepping 6 microcode 0xd000375, cmov, cx8, fxsr, mmx, sse, sse2, sse3, ssse3, sse4.1, sse4.2, popcnt, avx, avx2, aes, clmul, erms, 3dnowpref, lzcnt, tsc, tscinvbit, bmi1, bmi2, adx, evex, sha, fma

Memory: 4k page, system-wide physical 16383M (2088M free)
TotalPageFile size 29090M (AvailPageFile size 4M)
current process WorkingSet (physical memory assigned to process): 105M, peak: 111M
current process commit charge ("private bytes"): 354M, peak: 360M

vm_info: OpenJDK 64-Bit Server VM (11.0.15+0-b2043.56-9505619) for windows-amd64 JRE (11.0.15+0-b2043.56-9505619), built on Jan 19 2023 02:48:00 by "builduser" with unknown MS VC++:1929

END.
