#
# There is insufficient memory for the Java Runtime Environment to continue.
# Native memory allocation (mmap) failed to map 268435456 bytes for G1 virtual space
# Possible reasons:
#   The system is out of physical RAM or swap space
#   The process is running with CompressedOops enabled, and the Java Heap may be blocking the growth of the native heap
# Possible solutions:
#   Reduce memory load on the system
#   Increase physical memory or swap space
#   Check if swap backing store is full
#   Decrease Java heap size (-Xmx/-Xms)
#   Decrease number of Java threads
#   Decrease Java thread stack sizes (-Xss)
#   Set larger code cache with -XX:ReservedCodeCacheSize=
#   JVM is running with Zero Based Compressed Oops mode in which the Java heap is
#     placed in the first 32GB address space. The Java Heap base address is the
#     maximum limit for the native heap growth. Please use -XX:HeapBaseMinAddress
#     to set the Java Heap base and to place the Java Heap above 32GB virtual address.
# This output file may be truncated or incomplete.
#
#  Out of Memory Error (os_windows.cpp:3536), pid=28856, tid=32312
#
# JRE version:  (19.0.2+7) (build )
# Java VM: Java HotSpot(TM) 64-Bit Server VM (19.0.2+7-44, mixed mode, sharing, tiered, compressed oops, compressed class ptrs, g1 gc, windows-amd64)
# No core dump will be written. Minidumps are not enabled by default on client versions of Windows
#

---------------  S U M M A R Y ------------

Command Line: 

Host: Intel(R) Xeon(R) Gold 6342 CPU @ 2.80GHz, 4 cores, 15G,  Windows 11 , 64 bit Build 22621 (10.0.22621.1344)
Time: Wed May 10 16:05:05 2023 India Standard Time elapsed time: 0.091108 seconds (0d 0h 0m 0s)

---------------  T H R E A D  ---------------

Current thread (0x000002ae18a48100):  JavaThread "Unknown thread" [_thread_in_vm, id=32312, stack(0x000000f935300000,0x000000f935400000)]

Stack: [0x000000f935300000,0x000000f935400000]
Native frames: (J=compiled Java code, j=interpreted, Vv=VM code, C=native code)
V  [jvm.dll+0x6ee21a]
V  [jvm.dll+0x85765e]
V  [jvm.dll+0x85904e]
V  [jvm.dll+0x859703]
V  [jvm.dll+0x28298f]
V  [jvm.dll+0x6eb009]
V  [jvm.dll+0x6dfbaa]
V  [jvm.dll+0x3573f6]
V  [jvm.dll+0x35ee56]
V  [jvm.dll+0x3b541e]
V  [jvm.dll+0x3b564f]
V  [jvm.dll+0x32c9ea]
V  [jvm.dll+0x32d89e]
V  [jvm.dll+0x821780]
V  [jvm.dll+0x3c2661]
V  [jvm.dll+0x801f51]
V  [jvm.dll+0x44ae8f]
V  [jvm.dll+0x44c811]
C  [jli.dll+0x5287]
C  [ucrtbase.dll+0x29363]
C  [KERNEL32.DLL+0x126bd]
C  [ntdll.dll+0x5a9f8]


---------------  P R O C E S S  ---------------

Threads class SMR info:
_java_thread_list=0x00007ffd2d8cd048, length=0, elements={
}

Java Threads: ( => current thread )

Other Threads:
  0x000002ae18abae40 WorkerThread "GC Thread#0" [stack: 0x000000f935400000,0x000000f935500000] [id=30004]
  0x000002ae18acbda0 ConcurrentGCThread "G1 Main Marker" [stack: 0x000000f935500000,0x000000f935600000] [id=19804]
  0x000002ae18acc7d0 WorkerThread "G1 Conc#0" [stack: 0x000000f935600000,0x000000f935700000] [id=16624]

[error occurred during error reporting (printing all threads), id 0xc0000005, EXCEPTION_ACCESS_VIOLATION (0xc0000005) at pc=0x00007ffd2d08d427]

VM state: not at safepoint (not fully initialized)

VM Mutex/Monitor currently owned by a thread:  ([mutex/lock_event])
[0x000002ae18a43dc0] Heap_lock - owner thread: 0x000002ae18a48100

Heap address: 0x0000000700000000, size: 4096 MB, Compressed Oops mode: Zero based, Oop shift amount: 3

CDS archive(s) mapped at: [0x0000000000000000-0x0000000000000000-0x0000000000000000), size 0, SharedBaseAddress: 0x0000000800000000, ArchiveRelocationMode: 0.
Narrow klass base: 0x0000000000000000, Narrow klass shift: 0, Narrow klass range: 0x0

GC Precious Log:
 CardTable entry size: 512
 Card Set container configuration: InlinePtr #cards 4 size 8 Array Of Cards #cards 16 size 48 Howl #buckets 8 coarsen threshold 3686 Howl Bitmap #cards 512 size 80 coarsen threshold 460 Card regions per heap region 1 cards per card region 4096

Heap:
 garbage-first heap   total 0K, used 0K [0x0000000700000000, 0x0000000800000000)
  region size 2048K, 0 young (0K), 0 survivors (0K)

[error occurred during error reporting (printing heap information), id 0xc0000005, EXCEPTION_ACCESS_VIOLATION (0xc0000005) at pc=0x00007ffd2d496649]

GC Heap History (0 events):
No events

Dll operation events (1 events):
Event: 0.072 Loaded shared library C:\Program Files\jdk-19.0.2\bin\java.dll

Deoptimization events (0 events):
No events

Classes loaded (0 events):
No events

Classes unloaded (0 events):
No events

Classes redefined (0 events):
No events

Internal exceptions (0 events):
No events

VM Operations (0 events):
No events

Events (0 events):
No events


Dynamic libraries:
0x00007ff604a40000 - 0x00007ff604a50000 	C:\Program Files\jdk-19.0.2\bin\java.exe
0x00007ffd72dd0000 - 0x00007ffd72fe4000 	C:\Windows\SYSTEM32\ntdll.dll
0x00007ffd716b0000 - 0x00007ffd71773000 	C:\Windows\System32\KERNEL32.DLL
0x00007ffd70570000 - 0x00007ffd7090c000 	C:\Windows\System32\KERNELBASE.dll
0x00007ffd70210000 - 0x00007ffd70321000 	C:\Windows\System32\ucrtbase.dll
0x00007ffd4c470000 - 0x00007ffd4c488000 	C:\Program Files\jdk-19.0.2\bin\jli.dll
0x00007ffd71150000 - 0x00007ffd711fe000 	C:\Windows\System32\ADVAPI32.dll
0x00007ffd72c70000 - 0x00007ffd72d17000 	C:\Windows\System32\msvcrt.dll
0x00007ffd70ee0000 - 0x00007ffd70f84000 	C:\Windows\System32\sechost.dll
0x00007ffd71590000 - 0x00007ffd716a5000 	C:\Windows\System32\RPCRT4.dll
0x00007ffd70be0000 - 0x00007ffd70d8d000 	C:\Windows\System32\USER32.dll
0x00007ffd70330000 - 0x00007ffd70356000 	C:\Windows\System32\win32u.dll
0x00007ffd70e90000 - 0x00007ffd70eb9000 	C:\Windows\System32\GDI32.dll
0x00007ffd70450000 - 0x00007ffd70563000 	C:\Windows\System32\gdi32full.dll
0x00007ffd70a80000 - 0x00007ffd70b1a000 	C:\Windows\System32\msvcp_win.dll
0x00007ffd493c0000 - 0x00007ffd493db000 	C:\Program Files\jdk-19.0.2\bin\VCRUNTIME140.dll
0x00007ffd57a20000 - 0x00007ffd57cae000 	C:\Windows\WinSxS\amd64_microsoft.windows.common-controls_6595b64144ccf1df_6.0.22621.608_none_a9444ca7c10bb01d\COMCTL32.dll
0x00007ffd6ed70000 - 0x00007ffd6ed7a000 	C:\Windows\SYSTEM32\VERSION.dll
0x00007ffd71110000 - 0x00007ffd71141000 	C:\Windows\System32\IMM32.DLL
0x000002ae189b0000 - 0x000002ae189c4000 	C:\Windows\System32\umppc16705.dll
0x00007ffd6fed0000 - 0x00007ffd6ff05000 	C:\Windows\system32\vmwsci.dll
0x00007ffd71100000 - 0x00007ffd71108000 	C:\Windows\System32\PSAPI.DLL
0x00007ffd62340000 - 0x00007ffd623de000 	C:\Windows\system32\ftapihook64.dll
0x00007ffd6c330000 - 0x00007ffd6c3db000 	C:\Windows\system32\uxtheme.dll
0x00007ffd71200000 - 0x00007ffd71589000 	C:\Windows\System32\combase.dll
0x00007ffd6b4c0000 - 0x00007ffd6b54b000 	C:\Windows\system32\ftgenstub.dll
0x00007ffd71e50000 - 0x00007ffd722c4000 	C:\Windows\System32\setupapi.dll
0x00007ffd5f230000 - 0x00007ffd5f23c000 	C:\Program Files\jdk-19.0.2\bin\vcruntime140_1.dll
0x00007ffd38190000 - 0x00007ffd3821e000 	C:\Program Files\jdk-19.0.2\bin\msvcp140.dll
0x00007ffd2cd50000 - 0x00007ffd2da10000 	C:\Program Files\jdk-19.0.2\bin\server\jvm.dll
0x00007ffd5e130000 - 0x00007ffd5e139000 	C:\Windows\SYSTEM32\WSOCK32.dll
0x00007ffd71080000 - 0x00007ffd710f1000 	C:\Windows\System32\WS2_32.dll
0x00007ffd5fcd0000 - 0x00007ffd5fd04000 	C:\Windows\SYSTEM32\WINMM.dll
0x00007ffd6f0b0000 - 0x00007ffd6f0c8000 	C:\Windows\SYSTEM32\kernel.appcore.dll
0x00007ffd5f1b0000 - 0x00007ffd5f1ba000 	C:\Program Files\jdk-19.0.2\bin\jimage.dll
0x00007ffd6d5b0000 - 0x00007ffd6d7de000 	C:\Windows\SYSTEM32\DBGHELP.DLL
0x00007ffd71cb0000 - 0x00007ffd71d87000 	C:\Windows\System32\OLEAUT32.dll
0x00007ffd6a480000 - 0x00007ffd6a4b2000 	C:\Windows\SYSTEM32\dbgcore.DLL
0x00007ffd70360000 - 0x00007ffd703db000 	C:\Windows\System32\bcryptPrimitives.dll
0x00007ffd3f300000 - 0x00007ffd3f326000 	C:\Program Files\jdk-19.0.2\bin\java.dll

dbghelp: loaded successfully - version: 4.0.5 - missing functions: none
symbol engine: initialized successfully - sym options: 0x614 - pdb path: .;C:\Program Files\jdk-19.0.2\bin;C:\Windows\SYSTEM32;C:\Windows\WinSxS\amd64_microsoft.windows.common-controls_6595b64144ccf1df_6.0.22621.608_none_a9444ca7c10bb01d;C:\Program Files\jdk-19.0.2\bin\server

VM Arguments:
java_command: <unknown>
java_class_path (initial): <not set>
Launcher Type: SUN_STANDARD

[Global flags]
     intx CICompilerCount                          = 3                                         {product} {ergonomic}
     uint ConcGCThreads                            = 1                                         {product} {ergonomic}
     uint G1ConcRefinementThreads                  = 4                                         {product} {ergonomic}
   size_t G1HeapRegionSize                         = 2097152                                   {product} {ergonomic}
    uintx GCDrainStackTargetSize                   = 64                                        {product} {ergonomic}
   size_t InitialHeapSize                          = 268435456                                 {product} {ergonomic}
   size_t MarkStackSize                            = 4194304                                   {product} {ergonomic}
   size_t MaxHeapSize                              = 4294967296                                {product} {ergonomic}
   size_t MinHeapDeltaBytes                        = 2097152                                   {product} {ergonomic}
   size_t MinHeapSize                              = 8388608                                   {product} {ergonomic}
    uintx NonNMethodCodeHeapSize                   = 5832780                                {pd product} {ergonomic}
    uintx NonProfiledCodeHeapSize                  = 122912730                              {pd product} {ergonomic}
    uintx ProfiledCodeHeapSize                     = 122912730                              {pd product} {ergonomic}
    uintx ReservedCodeCacheSize                    = 251658240                              {pd product} {ergonomic}
     bool SegmentedCodeCache                       = true                                      {product} {ergonomic}
   size_t SoftMaxHeapSize                          = 4294967296                             {manageable} {ergonomic}
     bool UseCompressedClassPointers               = true                           {product lp64_product} {ergonomic}
     bool UseCompressedOops                        = true                           {product lp64_product} {ergonomic}
     bool UseG1GC                                  = true                                      {product} {ergonomic}
     bool UseLargePagesIndividualAllocation        = false                                  {pd product} {ergonomic}

Logging:
Log output configuration:
 #0: stdout all=warning uptime,level,tags foldmultilines=false
 #1: stderr all=off uptime,level,tags foldmultilines=false

Environment Variables:
PATH=C:\Users\lavanya.r\Desktop\flutter\bin\;C:\Windows\system32;C:\Windows;C:\Windows\System32\Wbem;C:\Windows\System32\WindowsPowerShell\v1.0\;C:\Windows\System32\OpenSSH\;C:\Program Files\Git\cmd;C:\flutter_windows_3.7.7-stable\flutter\bin;C:\Program Files\jdk-19.0.2\bin;C:\Program Files (x86)\nodejs\;C:\Users\lavanya.r\AppData\Local\Microsoft\WindowsApps;C:\VSCode-win32-x64-1.76.1\bin;C:\Users\lavanya.r\AppData\Local\Android\Sdk\platform-tools;C:\Users\lavanya.r\Desktop\flutter\bin;;C:\Users\lavanya.r\Desktop\flutter\bin\mingit\cmd
USERNAME=lavanya.r
LANG=en_US.UTF-8
OS=Windows_NT
PROCESSOR_IDENTIFIER=Intel64 Family 6 Model 106 Stepping 6, GenuineIntel
TMP=C:\Users\LOCAL_~1.R\Temp
TEMP=C:\Users\LOCAL_~1.R\Temp



---------------  S Y S T E M  ---------------

OS:
 Windows 11 , 64 bit Build 22621 (10.0.22621.1344)
OS uptime: 24 days 22:43 hours
Hyper-V role detected

CPU: total 4 (initial active 4) (2 cores per cpu, 1 threads per core) family 6 model 106 stepping 6 microcode 0xd000375, cx8, cmov, fxsr, mmx, 3dnowpref, sse, sse2, sse3, ssse3, sse4.1, sse4.2, popcnt, lzcnt, tsc, tscinvbit, avx, avx2, aes, erms, clmul, bmi1, bmi2, adx, avx512f, avx512dq, avx512cd, avx512bw, avx512vl, sha, fma, vzeroupper, avx512_vpopcntdq, avx512_vpclmulqdq, avx512_vaes, avx512_vnni, clflush, clflushopt, clwb, avx512_vbmi2, avx512_vbmi, hv, rdtscp, rdpid, fsrm, gfni, avx512_bitalg

Memory: 4k page, system-wide physical 16383M (1871M free)
TotalPageFile size 29090M (AvailPageFile size 212M)
current process WorkingSet (physical memory assigned to process): 12M, peak: 12M
current process commit charge ("private bytes"): 53M, peak: 309M

vm_info: Java HotSpot(TM) 64-Bit Server VM (19.0.2+7-44) for windows-amd64 JRE (19.0.2+7-44), built on 2022-11-30T18:02:09Z by "mach5one" with MS VC++ 17.1 (VS2022)

END.
